#
# A fatal error has been detected by the Java Runtime Environment:
#
#  Internal Error (jvmciRuntime.cpp:1609), pid=53, tid=70
#  fatal error: Fatal exception in JVMCI: Error calling jdk.vm.ci.services.Services.serializeSavedProperties
#
# JRE version: OpenJDK Runtime Environment GraalVM CE 22.3.0 (17.0.5+8) (build 17.0.5+8-jvmci-22.3-b08)
# Java VM: OpenJDK 64-Bit Server VM GraalVM CE 22.3.0 (17.0.5+8-jvmci-22.3-b08, mixed mode, sharing, tiered, jvmci, jvmci compiler, compressed oops, compressed class ptrs, parallel gc, linux-amd64)
# Problematic frame:
# V  [libjvm.so+0x972714]  JVMCIRuntime::fatal_exception(JVMCIEnv*, char const*)+0x74
#
# Core dump will be written. Default location: Core dumps may be processed with "/usr/share/apport/apport -p%p -s%s -c%c -d%d -P%P -u%u -g%g -- %E" (or dumping to /home/runner/java4/core.53)
#
# If you would like to submit a bug report, please visit:
#   https://github.com/oracle/graal/issues
#

---------------  S U M M A R Y ------------

Command Line: -XX:ThreadPriorityPolicy=1 -XX:+UnlockExperimentalVMOptions -XX:+EnableJVMCIProduct -XX:JVMCIThreadsPerNativeLibraryRuntime=1 -XX:-UnlockExperimentalVMOptions -Declipse.application=org.eclipse.jdt.ls.core.id1 -Dosgi.bundles.defaultStartLevel=4 -Declipse.product=org.eclipse.jdt.ls.core.product -Dlog.level=ALL -Xverify:none -XX:+UseParallelGC -XX:GCTimeRatio=4 -XX:AdaptiveSizePolicyWeight=90 -Dsun.zip.disableMemoryMapping=true -Xmx512m -Xms100m /nix/store/m6gcpi1ii6rghy04cjwjddcavv7i90df-jdt-language-server-1.9.0/share/java/plugins/org.eclipse.equinox.launcher_1.6.400.v20210924-0641.jar --add-modules=ALL-SYSTEM --add-opens java.base/java.util=ALL-UNNAMED --add-opens java.base/java.lang=ALL-UNNAMED -configuration /home/runner/.cache/jdt-language-server/config -data /home/runner/.cache/jdt-language-server/data/home/runner/java4

Host: AMD EPYC 7B12, 8 cores, 1G, Ubuntu 20.04.2 LTS
Time: Wed May 17 14:06:25 2023 UTC elapsed time: 415.950678 seconds (0d 0h 6m 55s)

---------------  T H R E A D  ---------------

Current thread (0x00007f96c00b21b0):  JavaThread "JVMCI-native CompilerThread0" daemon [_thread_in_vm, id=70, stack(0x00007f96c4048000,0x00007f96c4248000)]


Current CompileTask:
JVMCI-native: 415951 7544       4       org.eclipse.jdt.internal.core.JrtPackageFragmentRoot::hashCode (41 bytes)

Stack: [0x00007f96c4048000,0x00007f96c4248000],  sp=0x00007f96c4246380,  free space=2040k
Native frames: (J=compiled Java code, j=interpreted, Vv=VM code, C=native code)
V  [libjvm.so+0x972714]  JVMCIRuntime::fatal_exception(JVMCIEnv*, char const*)+0x74
V  [libjvm.so+0x93e2fe]  JVMCIEnv::copy_saved_properties()+0x14e
V  [libjvm.so+0x9732a9]  JVMCIRuntime::initialize(JVMCIEnv*)+0xb19
V  [libjvm.so+0x9738a2]  JVMCIRuntime::get_HotSpotJVMCIRuntime(JVMCIEnv*)+0x12
V  [libjvm.so+0x9749f2]  JVMCIRuntime::compile_method(JVMCIEnv*, JVMCICompiler*, methodHandle const&, int)+0xd2
V  [libjvm.so+0x5b0d20]  CompileBroker::invoke_compiler_on_method(CompileTask*)+0x1470
V  [libjvm.so+0x5b12e8]  CompileBroker::compiler_thread_loop()+0x528
V  [libjvm.so+0xd82460]  JavaThread::thread_main_inner()+0xd0
V  [libjvm.so+0xd85a40]  Thread::call_run()+0xc0
V  [libjvm.so+0xbdb1e1]  thread_native_entry(Thread*)+0xe1

Register to memory mapping:

RAX=0x00007f96c71be000 points into unknown readable memory: 0x0000000000000058 | 58 00 00 00 00 00 00 00
RBX=0x00007f96c82b9398: <offset 0x0000000000ef5398> in /nix/store/gpxl5qgg8kicmcvivwmybwjlpf7wh20l-graalvm17-ce-22.3.0/lib/server/libjvm.so at 0x00007f96c73c4000
RCX=0x00007f96c82711e8: <offset 0x0000000000ead1e8> in /nix/store/gpxl5qgg8kicmcvivwmybwjlpf7wh20l-graalvm17-ce-22.3.0/lib/server/libjvm.so at 0x00007f96c73c4000
RDX=0x0000000000000649 is an unknown value
RSP=0x00007f96c4246380 is pointing into the stack for thread: 0x00007f96c00b21b0
RBP=0x00007f96c42463a0 is pointing into the stack for thread: 0x00007f96c00b21b0
RSI=0x00007f96c82b9c48: <offset 0x0000000000ef5c48> in /nix/store/gpxl5qgg8kicmcvivwmybwjlpf7wh20l-graalvm17-ce-22.3.0/lib/server/libjvm.so at 0x00007f96c73c4000
RDI=0x00000000e0000000 is an oop: [Ljava.security.cert.Certificate; 
{0x00000000e0000000} - klass: 'java/security/cert/Certificate'[]
 - length: 3
R8 =0x00007f96c82b9398: <offset 0x0000000000ef5398> in /nix/store/gpxl5qgg8kicmcvivwmybwjlpf7wh20l-graalvm17-ce-22.3.0/lib/server/libjvm.so at 0x00007f96c73c4000
R9 =0x00007f96c4246330 is pointing into the stack for thread: 0x00007f96c00b21b0
R10=0x00007f96c4247948 is pointing into the stack for thread: 0x00007f96c00b21b0
R11=0x0000000000000293 is an unknown value
R12=0x0 is NULL
R13=0x00007f96c00b21b0 is a thread
R14=0x00007f96c0000b80 points into unknown readable memory: 0x00007f96c84eaa38 | 38 aa 4e c8 96 7f 00 00
R15=0x00007f96c85f8e40: <offset 0x0000000001234e40> in /nix/store/gpxl5qgg8kicmcvivwmybwjlpf7wh20l-graalvm17-ce-22.3.0/lib/server/libjvm.so at 0x00007f96c73c4000


Registers:
RAX=0x00007f96c71be000, RBX=0x00007f96c82b9398, RCX=0x00007f96c82711e8, RDX=0x0000000000000649
RSP=0x00007f96c4246380, RBP=0x00007f96c42463a0, RSI=0x00007f96c82b9c48, RDI=0x00000000e0000000
R8 =0x00007f96c82b9398, R9 =0x00007f96c4246330, R10=0x00007f96c4247948, R11=0x0000000000000293
R12=0x0000000000000000, R13=0x00007f96c00b21b0, R14=0x00007f96c0000b80, R15=0x00007f96c85f8e40
RIP=0x00007f96c7d36714, EFLAGS=0x0000000000010206, CSGSFS=0x002b000000000033, ERR=0x0000000000000006
  TRAPNO=0x000000000000000e

Top of Stack: (sp=0x00007f96c4246380)
0x00007f96c4246380:   00007f96c4246940 00007f96c00b21b0
0x00007f96c4246390:   00007f96c5b4f8c8 0000000800c417a0
0x00007f96c42463a0:   00007f96c4246500 00007f96c7d022fe
0x00007f96c42463b0:   00007f96c42463e0 00007f96c4246440 

Instructions: (pc=0x00007f96c7d36714)
0x00007f96c7d36614:   30 e8 f6 cf e8 ff 4c 89 e7 e8 2e 48 d1 ff 84 db
0x00007f96c7d36624:   75 2a 4d 85 ed 74 04 4d 8b 6d 00 48 83 c4 08 44
0x00007f96c7d36634:   89 f9 4c 89 f2 4c 89 ee 5b 4c 89 e7 41 5c 41 5d
0x00007f96c7d36644:   41 5e 41 5f 5d e9 e2 47 d1 ff 66 90 48 83 c4 08
0x00007f96c7d36654:   5b 41 5c 41 5d 41 5e 41 5f 5d c3 90 31 d2 be 08
0x00007f96c7d36664:   00 00 00 4c 89 ff e8 b1 78 a3 ff 49 89 c5 e9 37
0x00007f96c7d36674:   ff ff ff 66 0f 1f 84 00 00 00 00 00 48 8b 7a 08
0x00007f96c7d36684:   e9 6d ff ff ff 0f 1f 80 00 00 00 00 e8 5b 48 0a
0x00007f96c7d36694:   00 84 c0 75 89 e9 6a ff ff ff 66 90 55 48 89 e5
0x00007f96c7d366a4:   41 56 41 55 41 54 49 89 fc 53 48 89 f3 66 48 8d
0x00007f96c7d366b4:   3d 27 5e 85 00 66 66 48 e8 df 43 8d ff 4c 8b 28
0x00007f96c7d366c4:   8b 05 be 72 8a 00 85 c0 75 14 ba 01 00 00 00 48
0x00007f96c7d366d4:   8d 0d ae 72 8a 00 f0 0f b1 11 85 c0 74 4e be c8
0x00007f96c7d366e4:   00 00 00 4c 89 ef e8 01 0b 41 00 48 8d 05 12 ac
0x00007f96c7d366f4:   85 00 49 89 d8 48 8d 0d e8 aa 53 00 ba 49 06 00
0x00007f96c7d36704:   00 48 8d 35 3c 35 58 00 bf 00 00 00 e0 48 8b 00
0x00007f96c7d36714:   c6 00 58 31 c0 e8 e2 91 c6 ff 5b 41 5c 41 5d 41
0x00007f96c7d36724:   5e 5d e9 55 34 26 00 0f 1f 44 00 00 48 8d 05 81
0x00007f96c7d36734:   a3 8b 00 48 89 df 4c 8b 30 e8 9e 43 8d ff 48 89
0x00007f96c7d36744:   de 48 89 c2 49 8b 06 4c 89 f7 ff 50 08 4c 89 f7
0x00007f96c7d36754:   e8 a7 5c 27 00 4d 85 e4 74 12 be 01 00 00 00 4c
0x00007f96c7d36764:   89 e7 e8 35 43 fc ff eb 82 0f 1f 00 be 01 00 00
0x00007f96c7d36774:   00 4c 89 ef e8 d3 fd ff ff e9 6d ff ff ff 66 66
0x00007f96c7d36784:   2e 0f 1f 84 00 00 00 00 00 0f 1f 00 55 48 89 e5
0x00007f96c7d36794:   41 57 41 56 41 55 41 54 53 48 81 ec 08 02 00 00
0x00007f96c7d367a4:   64 48 8b 04 25 28 00 00 00 48 89 45 c8 8b 07 83
0x00007f96c7d367b4:   f8 02 0f 84 11 04 00 00 4c 8b 6f 18 49 89 ff 49
0x00007f96c7d367c4:   89 f4 4d 85 ed 74 14 4c 89 ef e8 5d 57 22 00 41
0x00007f96c7d367d4:   8b 07 83 f8 02 0f 84 19 04 00 00 48 8d 1d 9a 06
0x00007f96c7d367e4:   8a 00 4c 8d 35 0b 3c 58 00 eb 38 90 48 85 d2 7f
0x00007f96c7d367f4:   0d 48 8d 05 b4 c0 85 00 48 83 38 00 7e 0e 41 8b
0x00007f96c7d36804:   77 2c 4c 89 f7 31 c0 e8 a0 b2 f7 ff 49 8b 7f 18 


Stack slot to memory mapping:
stack at sp + 0 slots: 0x00007f96c4246940 is pointing into the stack for thread: 0x00007f96c00b21b0
stack at sp + 1 slots: 0x00007f96c00b21b0 is a thread
stack at sp + 2 slots: 0x00007f96c5b4f8c8 points into unknown readable memory: 0x6573001880c9ffff | ff ff c9 80 18 00 73 65
stack at sp + 3 slots: 0x0000000800c417a0 is a pointer to class: 
jdk.vm.ci.services.Services {0x0000000800c417a0}
 - instance size:     2
 - klass size:        65
 - access:            public final synchronized 
 - state:             fully_initialized
 - name:              'jdk/vm/ci/services/Services'
 - super:             'java/lang/Object'
 - sub:               
 - arrays:            NULL
 - methods:           Array<T>(0x00007f96c4c3e688)
 - method ordering:   Array<T>(0x0000000800928960)
 - default_methods:   Array<T>(0x0000000000000000)
 - local interfaces:  Array<T>(0x00000008005ce810)
 - trans. interfaces: Array<T>(0x00000008005ce810)
 - constants:         constant pool [427] {0x00007f96c4c3d6f8} for 'jdk/vm/ci/services/Services' cache=0x00007f96c4c3fa38
 - class loader data:  loader data: 0x00007f96c00283d0 of 'bootstrap'
 - source file:       'Services.java'
 - class annotations:       Array<T>(0x0000000000000000)
 - class type annotations:  Array<T>(0x0000000000000000)
 - field annotations:       Array<T>(0x0000000000000000)
 - field type annotations:  Array<T>(0x0000000000000000)
 - inner classes:     Array<T>(0x00007f96c4c3f928)
 - nest members:     Array<T>(0x00007f96c4c3f948)
 - permitted subclasses:     Array<T>(0x00000008005ce7a0)
 - java mirror:       a 'java/lang/Class'{0x00000000e017c348} = 'jdk/vm/ci/services/Services'
 - vtable length      5  (start addr: 0x0000000800c41970)
 - itable length      2 (start addr: 0x0000000800c41998)
 - ---- static fields (3 words):
 - public static final 'IS_BUILDING_NATIVE_IMAGE' 'Z' @128 
 - public static final 'IS_IN_NATIVE_IMAGE' 'Z' @129 
 - private static volatile 'savedProperties' 'Ljava/util/Map;' @112 
 - static final 'JVMCI_ENABLED' 'Z' @130 
 - private static final 'servicesCache' 'Ljava/util/Map;' @116 
 - private static final 'MAX_UNICODE_IN_UTF8_LENGTH' 'I' @120 
 - private static final 'MAX_UTF8_PROPERTY_STRING_LENGTH' 'I' @124 
 - ---- non-static fields (0 words):
 - non-static oop maps: 
stack at sp + 4 slots: 0x00007f96c4246500 is pointing into the stack for thread: 0x00007f96c00b21b0
stack at sp + 5 slots: 0x00007f96c7d022fe: <offset 0x000000000093e2fe> in /nix/store/gpxl5qgg8kicmcvivwmybwjlpf7wh20l-graalvm17-ce-22.3.0/lib/server/libjvm.so at 0x00007f96c73c4000
stack at sp + 6 slots: 0x00007f96c42463e0 is pointing into the stack for thread: 0x00007f96c00b21b0
stack at sp + 7 slots: 0x00007f96c4246440 is pointing into the stack for thread: 0x00007f96c00b21b0


---------------  P R O C E S S  ---------------

Threads class SMR info:
_java_thread_list=0x00007f963012cf60, length=27, elements={
0x00007f96c0026670, 0x00007f96c00a64b0, 0x00007f96c00a78f0, 0x00007f96c00ae020,
0x00007f96c00af3d0, 0x00007f96c00b07c0, 0x00007f96c00b21b0, 0x00007f96c00b36c0,
0x00007f96c00b4720, 0x00007f96c00d7d60, 0x00007f96c0121aa0, 0x00007f96c03048c0,
0x00007f96c0338450, 0x00007f96c033a2a0, 0x00007f96c0379d30, 0x00007f965801a770,
0x00007f96582ab3b0, 0x00007f9658489b30, 0x00007f96585f85c0, 0x00007f96c0471120,
0x00007f9648007280, 0x00007f96c03ade40, 0x00007f9650001580, 0x00007f9614000ff0,
0x00007f9630171b20, 0x00007f9630172340, 0x00007f9630172bc0
}

Java Threads: ( => current thread )
  0x00007f96c0026670 JavaThread "main" [_thread_blocked, id=62, stack(0x00007f96c71df000,0x00007f96c72df000)]
  0x00007f96c00a64b0 JavaThread "Reference Handler" daemon [_thread_blocked, id=65, stack(0x00007f96c492e000,0x00007f96c4a2e000)]
  0x00007f96c00a78f0 JavaThread "Finalizer" daemon [_thread_blocked, id=66, stack(0x00007f96c482e000,0x00007f96c492e000)]
  0x00007f96c00ae020 JavaThread "Signal Dispatcher" daemon [_thread_blocked, id=67, stack(0x00007f96c4448000,0x00007f96c4548000)]
  0x00007f96c00af3d0 JavaThread "Service Thread" daemon [_thread_blocked, id=68, stack(0x00007f96c4348000,0x00007f96c4448000)]
  0x00007f96c00b07c0 JavaThread "Monitor Deflation Thread" daemon [_thread_blocked, id=69, stack(0x00007f96c4248000,0x00007f96c4348000)]
=>0x00007f96c00b21b0 JavaThread "JVMCI-native CompilerThread0" daemon [_thread_in_vm, id=70, stack(0x00007f96c4048000,0x00007f96c4248000)]
  0x00007f96c00b36c0 JavaThread "C1 CompilerThread0" daemon [_thread_blocked, id=71, stack(0x00007f96a72b3000,0x00007f96a74b3000)]
  0x00007f96c00b4720 JavaThread "Sweeper thread" daemon [_thread_blocked, id=72, stack(0x00007f96a71b3000,0x00007f96a72b3000)]
  0x00007f96c00d7d60 JavaThread "Common-Cleaner" daemon [_thread_blocked, id=75, stack(0x00007f96a70b3000,0x00007f96a71b3000)]
  0x00007f96c0121aa0 JavaThread "Notification Thread" daemon [_thread_blocked, id=77, stack(0x00007f96a6fb3000,0x00007f96a70b3000)]
  0x00007f96c03048c0 JavaThread "Active Thread: Equinox Container: 904c1062-6cea-4107-9f56-bfa0499b1ecf" [_thread_blocked, id=89, stack(0x00007f96a6db1000,0x00007f96a6eb1000)]
  0x00007f96c0338450 JavaThread "Framework Event Dispatcher: Equinox Container: 904c1062-6cea-4107-9f56-bfa0499b1ecf" daemon [_thread_blocked, id=90, stack(0x00007f96a4900000,0x00007f96a4a00000)]
  0x00007f96c033a2a0 JavaThread "Start Level: Equinox Container: 904c1062-6cea-4107-9f56-bfa0499b1ecf" daemon [_thread_blocked, id=91, stack(0x00007f96a4700000,0x00007f96a4800000)]
  0x00007f96c0379d30 JavaThread "Refresh Thread: Equinox Container: 904c1062-6cea-4107-9f56-bfa0499b1ecf" daemon [_thread_blocked, id=92, stack(0x00007f96a4500000,0x00007f96a4600000)]
  0x00007f965801a770 JavaThread "SCR Component Actor" daemon [_thread_blocked, id=101, stack(0x00007f96a4300000,0x00007f96a4400000)]
  0x00007f96582ab3b0 JavaThread "Worker-JM" [_thread_blocked, id=103, stack(0x00007f966ed00000,0x00007f966ee00000)]
  0x00007f9658489b30 JavaThread "Java indexing" daemon [_thread_blocked, id=114, stack(0x00007f966e700000,0x00007f966e800000)]
  0x00007f96585f85c0 JavaThread "Bundle File Closer" daemon [_thread_blocked, id=115, stack(0x00007f966e500000,0x00007f966e600000)]
  0x00007f96c0471120 JavaThread "pool-3-thread-1" [_thread_blocked, id=124, stack(0x00007f966e300000,0x00007f966e400000)]
  0x00007f9648007280 JavaThread "Worker-2: Java indexing... " [_thread_blocked, id=125, stack(0x00007f966e100000,0x00007f966e200000)]
  0x00007f96c03ade40 JavaThread "pool-2-thread-1" [_thread_blocked, id=126, stack(0x00007f966df00000,0x00007f966e000000)]
  0x00007f9650001580 JavaThread "Worker-4" [_thread_blocked, id=128, stack(0x00007f966de00000,0x00007f966df00000)]
  0x00007f9614000ff0 JavaThread "Worker-6" [_thread_blocked, id=164, stack(0x00007f966d900000,0x00007f966da00000)]
  0x00007f9630171b20 JavaThread "Thread-5" [_thread_blocked, id=654, stack(0x00007f966eb00000,0x00007f966ec00000)]
  0x00007f9630172340 JavaThread "Thread-6" [_thread_blocked, id=659, stack(0x00007f96a4100000,0x00007f96a4200000)]
  0x00007f9630172bc0 JavaThread "Thread-7" [_thread_blocked, id=864, stack(0x00007f966e900000,0x00007f966ea00000)]

Other Threads:
  0x00007f96c00a1bf0 VMThread "VM Thread" [stack: 0x00007f96c4a30000,0x00007f96c4b30000] [id=64] _threads_hazard_ptr=0x00007f963012cf60
  0x00007f96c0123440 WatcherThread [stack: 0x00007f96a6eb3000,0x00007f96a6fb3000] [id=78]
  0x00007f96c003df10 GCTaskThread "GC Thread#0" [stack: 0x00007f96c6da2000,0x00007f96c6ea2000] [id=63]

Threads with active compile tasks:
JVMCI-native CompilerThread0   415983 7544       4       org.eclipse.jdt.internal.core.JrtPackageFragmentRoot::hashCode (41 bytes)

VM state: synchronizing (normal execution)

VM Mutex/Monitor currently owned by a thread:  ([mutex/lock_event])
[0x00007f96c0023820] Threads_lock - owner thread: 0x00007f96c00a1bf0
[0x00007f96c0023fd0] Heap_lock - owner thread: 0x00007f96c03ade40

OutOfMemory and StackOverflow Exception counts:
OutOfMemoryError java_heap_errors=22
LinkageErrors=48

Heap address: 0x00000000e0000000, size: 512 MB, Compressed Oops mode: 32-bit

CDS archive(s) mapped at: [0x0000000800000000-0x0000000800bc8000-0x0000000800bc8000), size 12353536, SharedBaseAddress: 0x0000000800000000, ArchiveRelocationMode: 0.
Compressed class space mapped at: 0x0000000800c00000-0x0000000840c00000, reserved size: 1073741824
Narrow klass base: 0x0000000800000000, Narrow klass shift: 0, Narrow klass range: 0x100000000

GC Precious Log:
 CPUs: 8 total, 1 available
 Memory: 1024M
 Large Page Support: Disabled
 NUMA Support: Disabled
 Compressed Oops: Enabled (32-bit)
 Alignments: Space 512K, Generation 512K, Heap 2M
 Heap Min Capacity: 100M
 Heap Initial Capacity: 100M
 Heap Max Capacity: 512M
 Pre-touch: Disabled
 Parallel Workers: 1

Heap:
 PSYoungGen      total 51712K, used 33695K [0x00000000f5580000, 0x00000000fdf80000, 0x0000000100000000)
  eden space 30720K, 99% used [0x00000000f5580000,0x00000000f737fff8,0x00000000f7380000)
  from space 20992K, 14% used [0x00000000fa900000,0x00000000fabe7e80,0x00000000fbd80000)
  to   space 54784K, 0% used [0x00000000f7380000,0x00000000f7380000,0x00000000fa900000)
 ParOldGen       total 349696K, used 349695K [0x00000000e0000000, 0x00000000f5580000, 0x00000000f5580000)
  object space 349696K, 99% used [0x00000000e0000000,0x00000000f557fff8,0x00000000f5580000)
 Metaspace       used 54311K, committed 55296K, reserved 1105920K
  class space    used 5419K, committed 5824K, reserved 1048576K

Card table byte_map: [0x00007f96c6ea2000,0x00007f96c6fa3000] _byte_map_base: 0x00007f96c67a2000

Marking Bits: (ParMarkBitMap*) 0x00007f96c85f24c0
 Begin Bits: [0x00007f96c5cf5000, 0x00007f96c64f5000)
 End Bits:   [0x00007f96c64f5000, 0x00007f96c6cf5000)

Polling page: 0x00007f96c71bc000

Metaspace:

Usage:
  Non-class:     47.75 MB used.
      Class:      5.29 MB used.
       Both:     53.04 MB used.

Virtual space:
  Non-class space:       56.00 MB reserved,      48.31 MB ( 86%) committed,  7 nodes.
      Class space:        1.00 GB reserved,       5.69 MB ( <1%) committed,  1 nodes.
             Both:        1.05 GB reserved,      54.00 MB (  5%) committed. 

Chunk freelists:
   Non-Class:  3.23 MB
       Class:  2.32 MB
        Both:  5.55 MB

MaxMetaspaceSize: unlimited
CompressedClassSpaceSize: 1.00 GB
Initial GC threshold: 21.00 MB
Current GC threshold: 89.81 MB
CDS: on
MetaspaceReclaimPolicy: balanced
 - commit_granule_bytes: 65536.
 - commit_granule_words: 8192.
 - virtual_space_node_default_size: 1048576.
 - enlarge_chunks_in_place: 1.
 - new_chunks_are_fully_committed: 0.
 - uncommit_free_chunks: 1.
 - use_allocation_guard: 0.
 - handle_deallocations: 1.


Internal statistics:

num_allocs_failed_limit: 8.
num_arena_births: 360.
num_arena_deaths: 68.
num_vsnodes_births: 8.
num_vsnodes_deaths: 0.
num_space_committed: 863.
num_space_uncommitted: 0.
num_chunks_returned_to_freelist: 94.
num_chunks_taken_from_freelist: 2414.
num_chunk_merges: 39.
num_chunk_splits: 1592.
num_chunks_enlarged: 1016.
num_purges: 12.
num_inconsistent_stats: 0.

CodeHeap 'non-profiled nmethods': size=120036Kb used=2361Kb max_used=2361Kb free=117674Kb
 bounds [0x00007f96aef7a000, 0x00007f96af1ea000, 0x00007f96b64b3000]
CodeHeap 'profiled nmethods': size=120032Kb used=12492Kb max_used=15289Kb free=107539Kb
 bounds [0x00007f96a7a42000, 0x00007f96a8932000, 0x00007f96aef7a000]
CodeHeap 'non-nmethods': size=5692Kb used=1374Kb max_used=1394Kb free=4317Kb
 bounds [0x00007f96a74b3000, 0x00007f96a7723000, 0x00007f96a7a42000]
 total_blobs=6544 nmethods=5835 adapters=615
 compilation: enabled
              stopped_count=0, restarted_count=0
 full_count=0

JVMCI Events (20 events):
Event: 210.772 Thread 0x00007f96c00b21b0 destroyed JavaVM[2]@0x00007f966d19e340 for JVMCI runtime 0
Event: 210.772 Thread 0x00007f96c00b21b0 compacted oop handles in JVMCI runtime 0 from 105 to 105
Event: 210.772 Thread 0x00007f96c00b21b0 releasing handles for JVMCI runtime 0: oop handles=105, metadata handles={total=160, live=153, blocks=36}
Event: 210.772 Thread 0x00007f96c00b21b0 detached from JVMCI runtime 0
Event: 213.276 Thread 0x00007f96c00b21b0 attached to JVMCI runtime 0
Event: 213.278 Thread 0x00007f96c00b21b0 created JavaVM[3]@0x00007f966d19e340 for JVMCI runtime 0
Event: 214.472 Thread 0x00007f96c00b21b0 initializing JVMCI runtime 0
Event: 214.472 Thread 0x00007f96c00b21b0 done waiting for JavaVM references initialization in JVMCI runtime 0
Event: 243.255 Thread 0x00007f96c00b21b0 initialized JVMCI runtime 0
Event: 253.334 Thread 0x00007f96c00b21b0 detaching from JVMCI runtime 0: releasing idle compiler thread (0 other threads still attached)
Event: 253.334 Thread 0x00007f96c00b21b0 shutting down HotSpotJVMCIRuntime for JVMCI runtime 0
Event: 253.334 Thread 0x00007f96c00b21b0 shut down JVMCI runtime 0
Event: 254.565 Thread 0x00007f96c00b21b0 destroyed JavaVM[3]@0x00007f966d19e340 for JVMCI runtime 0
Event: 254.565 Thread 0x00007f96c00b21b0 compacted oop handles in JVMCI runtime 0 from 58 to 58
Event: 254.565 Thread 0x00007f96c00b21b0 releasing handles for JVMCI runtime 0: oop handles=58, metadata handles={total=104, live=97, blocks=36}
Event: 254.565 Thread 0x00007f96c00b21b0 detached from JVMCI runtime 0
Event: 286.157 Thread 0x00007f96c00b21b0 attached to JVMCI runtime 0
Event: 286.158 Thread 0x00007f96c00b21b0 created JavaVM[4]@0x00007f966d19e340 for JVMCI runtime 0
Event: 287.333 Thread 0x00007f96c00b21b0 initializing JVMCI runtime 0
Event: 287.333 Thread 0x00007f96c00b21b0 done waiting for JavaVM references initialization in JVMCI runtime 0

Compilation events (20 events):
Event: 244.490 Thread 0x00007f96c00b36c0 7537       1       java.nio.charset.CharsetDecoder::charset (5 bytes)
Event: 244.490 Thread 0x00007f96c00b36c0 nmethod 7537 0x00007f96af1c7190 code [0x00007f96af1c7320, 0x00007f96af1c73f0]
Event: 245.854 Thread 0x00007f96c00b36c0 7538       3       java.lang.invoke.VarHandleReferences$FieldInstanceReadWrite::set (35 bytes)
Event: 245.855 Thread 0x00007f96c00b36c0 nmethod 7538 0x00007f96a7f39690 code [0x00007f96a7f398c0, 0x00007f96a7f3a200]
Event: 248.450 Thread 0x00007f96c00b36c0 7539       3       java.util.concurrent.locks.LockSupport::setBlocker (12 bytes)
Event: 248.450 Thread 0x00007f96c00b36c0 nmethod 7539 0x00007f96a7c81c90 code [0x00007f96a7c81e40, 0x00007f96a7c81f60]
Event: 248.450 Thread 0x00007f96c00b36c0 7540       3       org.eclipse.jdt.internal.core.util.Messages::bind (6 bytes)
Event: 248.450 Thread 0x00007f96c00b36c0 nmethod 7540 0x00007f96a7d96b10 code [0x00007f96a7d96cc0, 0x00007f96a7d96ed0]
Event: 252.036 Thread 0x00007f96c00b21b0 nmethod 7536 0x00007f96af1c7490 code [0x00007f96af1c7680, 0x00007f96af1c7fa0]
Event: 268.943 Thread 0x00007f96c00b36c0 7541       3       org.eclipse.core.runtime.jobs.Job::isSystem (5 bytes)
Event: 268.943 Thread 0x00007f96c00b36c0 nmethod 7541 0x00007f96a7d33710 code [0x00007f96a7d338c0, 0x00007f96a7d33a70]
Event: 268.943 Thread 0x00007f96c00b36c0 7542       3       org.eclipse.core.internal.jobs.InternalJob::isSystem (15 bytes)
Event: 268.943 Thread 0x00007f96c00b36c0 nmethod 7542 0x00007f96a803e290 code [0x00007f96a803e440, 0x00007f96a803e5b0]
Event: 271.333 Thread 0x00007f96c00b36c0 7543       3       org.eclipse.core.runtime.Path::fromPortableString (184 bytes)
Event: 271.335 Thread 0x00007f96c00b36c0 nmethod 7543 0x00007f96a88a8f90 code [0x00007f96a88a9320, 0x00007f96a88aa910]
Event: 286.157 Thread 0x00007f96c00b21b0 7544       4       org.eclipse.jdt.internal.core.JrtPackageFragmentRoot::hashCode (41 bytes)
Event: 287.333 Thread 0x00007f96c00b36c0 7545       3       org.eclipse.jdt.internal.compiler.util.HashtableOfObjectToInt::put (104 bytes)
Event: 291.135 Thread 0x00007f96c00b36c0 nmethod 7545 0x00007f96a8506510 code [0x00007f96a8506720, 0x00007f96a8507200]
Event: 295.646 Thread 0x00007f96c00b36c0 7546       3       org.eclipse.jdt.internal.compiler.util.HashtableOfObjectToInt::get (59 bytes)
Event: 296.756 Thread 0x00007f96c00b36c0 nmethod 7546 0x00007f96a7e34090 code [0x00007f96a7e34280, 0x00007f96a7e349f0]

GC Heap History (20 events):
Event: 404.085 GC heap before
{Heap before GC invocations=380 (full 282):
 PSYoungGen      total 51712K, used 33695K [0x00000000f5580000, 0x00000000fdf80000, 0x0000000100000000)
  eden space 30720K, 99% used [0x00000000f5580000,0x00000000f737fff0,0x00000000f7380000)
  from space 20992K, 14% used [0x00000000fa900000,0x00000000fabe7e80,0x00000000fbd80000)
  to   space 54784K, 0% used [0x00000000f7380000,0x00000000f7380000,0x00000000fa900000)
 ParOldGen       total 349696K, used 349696K [0x00000000e0000000, 0x00000000f5580000, 0x00000000f5580000)
  object space 349696K, 100% used [0x00000000e0000000,0x00000000f5580000,0x00000000f5580000)
 Metaspace       used 54311K, committed 55296K, reserved 1105920K
  class space    used 5419K, committed 5824K, reserved 1048576K
}
Event: 405.346 GC heap after
{Heap after GC invocations=380 (full 282):
 PSYoungGen      total 51712K, used 33695K [0x00000000f5580000, 0x00000000fdf80000, 0x0000000100000000)
  eden space 30720K, 99% used [0x00000000f5580000,0x00000000f737ffd8,0x00000000f7380000)
  from space 20992K, 14% used [0x00000000fa900000,0x00000000fabe7e80,0x00000000fbd80000)
  to   space 54784K, 0% used [0x00000000f7380000,0x00000000f7380000,0x00000000fa900000)
 ParOldGen       total 349696K, used 349695K [0x00000000e0000000, 0x00000000f5580000, 0x00000000f5580000)
  object space 349696K, 99% used [0x00000000e0000000,0x00000000f557ffc0,0x00000000f5580000)
 Metaspace       used 54311K, committed 55296K, reserved 1105920K
  class space    used 5419K, committed 5824K, reserved 1048576K
}
Event: 405.346 GC heap before
{Heap before GC invocations=381 (full 283):
 PSYoungGen      total 51712K, used 33695K [0x00000000f5580000, 0x00000000fdf80000, 0x0000000100000000)
  eden space 30720K, 99% used [0x00000000f5580000,0x00000000f737fff8,0x00000000f7380000)
  from space 20992K, 14% used [0x00000000fa900000,0x00000000fabe7e80,0x00000000fbd80000)
  to   space 54784K, 0% used [0x00000000f7380000,0x00000000f7380000,0x00000000fa900000)
 ParOldGen       total 349696K, used 349695K [0x00000000e0000000, 0x00000000f5580000, 0x00000000f5580000)
  object space 349696K, 99% used [0x00000000e0000000,0x00000000f557ffc0,0x00000000f5580000)
 Metaspace       used 54311K, committed 55296K, reserved 1105920K
  class space    used 5419K, committed 5824K, reserved 1048576K
}
Event: 406.547 GC heap after
{Heap after GC invocations=381 (full 283):
 PSYoungGen      total 51712K, used 33695K [0x00000000f5580000, 0x00000000fdf80000, 0x0000000100000000)
  eden space 30720K, 99% used [0x00000000f5580000,0x00000000f737fff8,0x00000000f7380000)
  from space 20992K, 14% used [0x00000000fa900000,0x00000000fabe7e80,0x00000000fbd80000)
  to   space 54784K, 0% used [0x00000000f7380000,0x00000000f7380000,0x00000000fa900000)
 ParOldGen       total 349696K, used 349695K [0x00000000e0000000, 0x00000000f5580000, 0x00000000f5580000)
  object space 349696K, 99% used [0x00000000e0000000,0x00000000f557ffc0,0x00000000f5580000)
 Metaspace       used 54311K, committed 55296K, reserved 1105920K
  class space    used 5419K, committed 5824K, reserved 1048576K
}
Event: 406.547 GC heap before
{Heap before GC invocations=382 (full 284):
 PSYoungGen      total 51712K, used 33695K [0x00000000f5580000, 0x00000000fdf80000, 0x0000000100000000)
  eden space 30720K, 99% used [0x00000000f5580000,0x00000000f737fff8,0x00000000f7380000)
  from space 20992K, 14% used [0x00000000fa900000,0x00000000fabe7e80,0x00000000fbd80000)
  to   space 54784K, 0% used [0x00000000f7380000,0x00000000f7380000,0x00000000fa900000)
 ParOldGen       total 349696K, used 349695K [0x00000000e0000000, 0x00000000f5580000, 0x00000000f5580000)
  object space 349696K, 99% used [0x00000000e0000000,0x00000000f557fff8,0x00000000f5580000)
 Metaspace       used 54311K, committed 55296K, reserved 1105920K
  class space    used 5419K, committed 5824K, reserved 1048576K
}
Event: 407.762 GC heap after
{Heap after GC invocations=382 (full 284):
 PSYoungGen      total 51712K, used 33695K [0x00000000f5580000, 0x00000000fdf80000, 0x0000000100000000)
  eden space 30720K, 99% used [0x00000000f5580000,0x00000000f737ffd8,0x00000000f7380000)
  from space 20992K, 14% used [0x00000000fa900000,0x00000000fabe7e80,0x00000000fbd80000)
  to   space 54784K, 0% used [0x00000000f7380000,0x00000000f7380000,0x00000000fa900000)
 ParOldGen       total 349696K, used 349695K [0x00000000e0000000, 0x00000000f5580000, 0x00000000f5580000)
  object space 349696K, 99% used [0x00000000e0000000,0x00000000f557fff8,0x00000000f5580000)
 Metaspace       used 54311K, committed 55296K, reserved 1105920K
  class space    used 5419K, committed 5824K, reserved 1048576K
}
Event: 407.762 GC heap before
{Heap before GC invocations=383 (full 285):
 PSYoungGen      total 51712K, used 33695K [0x00000000f5580000, 0x00000000fdf80000, 0x0000000100000000)
  eden space 30720K, 99% used [0x00000000f5580000,0x00000000f737ffd8,0x00000000f7380000)
  from space 20992K, 14% used [0x00000000fa900000,0x00000000fabe7e80,0x00000000fbd80000)
  to   space 54784K, 0% used [0x00000000f7380000,0x00000000f7380000,0x00000000fa900000)
 ParOldGen       total 349696K, used 349695K [0x00000000e0000000, 0x00000000f5580000, 0x00000000f5580000)
  object space 349696K, 99% used [0x00000000e0000000,0x00000000f557fff8,0x00000000f5580000)
 Metaspace       used 54311K, committed 55296K, reserved 1105920K
  class space    used 5419K, committed 5824K, reserved 1048576K
}
Event: 408.942 GC heap after
{Heap after GC invocations=383 (full 285):
 PSYoungGen      total 51712K, used 33695K [0x00000000f5580000, 0x00000000fdf80000, 0x0000000100000000)
  eden space 30720K, 99% used [0x00000000f5580000,0x00000000f737ffd8,0x00000000f7380000)
  from space 20992K, 14% used [0x00000000fa900000,0x00000000fabe7e80,0x00000000fbd80000)
  to   space 54784K, 0% used [0x00000000f7380000,0x00000000f7380000,0x00000000fa900000)
 ParOldGen       total 349696K, used 349695K [0x00000000e0000000, 0x00000000f5580000, 0x00000000f5580000)
  object space 349696K, 99% used [0x00000000e0000000,0x00000000f557fff8,0x00000000f5580000)
 Metaspace       used 54311K, committed 55296K, reserved 1105920K
  class space    used 5419K, committed 5824K, reserved 1048576K
}
Event: 408.942 GC heap before
{Heap before GC invocations=384 (full 286):
 PSYoungGen      total 51712K, used 33695K [0x00000000f5580000, 0x00000000fdf80000, 0x0000000100000000)
  eden space 30720K, 99% used [0x00000000f5580000,0x00000000f737ffd8,0x00000000f7380000)
  from space 20992K, 14% used [0x00000000fa900000,0x00000000fabe7e80,0x00000000fbd80000)
  to   space 54784K, 0% used [0x00000000f7380000,0x00000000f7380000,0x00000000fa900000)
 ParOldGen       total 349696K, used 349695K [0x00000000e0000000, 0x00000000f5580000, 0x00000000f5580000)
  object space 349696K, 99% used [0x00000000e0000000,0x00000000f557fff8,0x00000000f5580000)
 Metaspace       used 54311K, committed 55296K, reserved 1105920K
  class space    used 5419K, committed 5824K, reserved 1048576K
}
Event: 410.077 GC heap after
{Heap after GC invocations=384 (full 286):
 PSYoungGen      total 51712K, used 33695K [0x00000000f5580000, 0x00000000fdf80000, 0x0000000100000000)
  eden space 30720K, 99% used [0x00000000f5580000,0x00000000f737ffd8,0x00000000f7380000)
  from space 20992K, 14% used [0x00000000fa900000,0x00000000fabe7e80,0x00000000fbd80000)
  to   space 54784K, 0% used [0x00000000f7380000,0x00000000f7380000,0x00000000fa900000)
 ParOldGen       total 349696K, used 349695K [0x00000000e0000000, 0x00000000f5580000, 0x00000000f5580000)
  object space 349696K, 99% used [0x00000000e0000000,0x00000000f557fff8,0x00000000f5580000)
 Metaspace       used 54311K, committed 55296K, reserved 1105920K
  class space    used 5419K, committed 5824K, reserved 1048576K
}
Event: 410.077 GC heap before
{Heap before GC invocations=385 (full 287):
 PSYoungGen      total 51712K, used 33695K [0x00000000f5580000, 0x00000000fdf80000, 0x0000000100000000)
  eden space 30720K, 99% used [0x00000000f5580000,0x00000000f737ffd8,0x00000000f7380000)
  from space 20992K, 14% used [0x00000000fa900000,0x00000000fabe7e80,0x00000000fbd80000)
  to   space 54784K, 0% used [0x00000000f7380000,0x00000000f7380000,0x00000000fa900000)
 ParOldGen       total 349696K, used 349695K [0x00000000e0000000, 0x00000000f5580000, 0x00000000f5580000)
  object space 349696K, 99% used [0x00000000e0000000,0x00000000f557fff8,0x00000000f5580000)
 Metaspace       used 54311K, committed 55296K, reserved 1105920K
  class space    used 5419K, committed 5824K, reserved 1048576K
}
Event: 411.275 GC heap after
{Heap after GC invocations=385 (full 287):
 PSYoungGen      total 51712K, used 33695K [0x00000000f5580000, 0x00000000fdf80000, 0x0000000100000000)
  eden space 30720K, 99% used [0x00000000f5580000,0x00000000f737ffd8,0x00000000f7380000)
  from space 20992K, 14% used [0x00000000fa900000,0x00000000fabe7e80,0x00000000fbd80000)
  to   space 54784K, 0% used [0x00000000f7380000,0x00000000f7380000,0x00000000fa900000)
 ParOldGen       total 349696K, used 349695K [0x00000000e0000000, 0x00000000f5580000, 0x00000000f5580000)
  object space 349696K, 99% used [0x00000000e0000000,0x00000000f557fff8,0x00000000f5580000)
 Metaspace       used 54311K, committed 55296K, reserved 1105920K
  class space    used 5419K, committed 5824K, reserved 1048576K
}
Event: 411.275 GC heap before
{Heap before GC invocations=386 (full 288):
 PSYoungGen      total 51712K, used 33695K [0x00000000f5580000, 0x00000000fdf80000, 0x0000000100000000)
  eden space 30720K, 99% used [0x00000000f5580000,0x00000000f737fff8,0x00000000f7380000)
  from space 20992K, 14% used [0x00000000fa900000,0x00000000fabe7e80,0x00000000fbd80000)
  to   space 54784K, 0% used [0x00000000f7380000,0x00000000f7380000,0x00000000fa900000)
 ParOldGen       total 349696K, used 349695K [0x00000000e0000000, 0x00000000f5580000, 0x00000000f5580000)
  object space 349696K, 99% used [0x00000000e0000000,0x00000000f557fff8,0x00000000f5580000)
 Metaspace       used 54311K, committed 55296K, reserved 1105920K
  class space    used 5419K, committed 5824K, reserved 1048576K
}
Event: 412.483 GC heap after
{Heap after GC invocations=386 (full 288):
 PSYoungGen      total 51712K, used 33695K [0x00000000f5580000, 0x00000000fdf80000, 0x0000000100000000)
  eden space 30720K, 99% used [0x00000000f5580000,0x00000000f737fff8,0x00000000f7380000)
  from space 20992K, 14% used [0x00000000fa900000,0x00000000fabe7e80,0x00000000fbd80000)
  to   space 54784K, 0% used [0x00000000f7380000,0x00000000f7380000,0x00000000fa900000)
 ParOldGen       total 349696K, used 349695K [0x00000000e0000000, 0x00000000f5580000, 0x00000000f5580000)
  object space 349696K, 99% used [0x00000000e0000000,0x00000000f557ffe0,0x00000000f5580000)
 Metaspace       used 54311K, committed 55296K, reserved 1105920K
  class space    used 5419K, committed 5824K, reserved 1048576K
}
Event: 412.483 GC heap before
{Heap before GC invocations=387 (full 289):
 PSYoungGen      total 51712K, used 33695K [0x00000000f5580000, 0x00000000fdf80000, 0x0000000100000000)
  eden space 30720K, 99% used [0x00000000f5580000,0x00000000f737fff8,0x00000000f7380000)
  from space 20992K, 14% used [0x00000000fa900000,0x00000000fabe7e80,0x00000000fbd80000)
  to   space 54784K, 0% used [0x00000000f7380000,0x00000000f7380000,0x00000000fa900000)
 ParOldGen       total 349696K, used 349695K [0x00000000e0000000, 0x00000000f5580000, 0x00000000f5580000)
  object space 349696K, 99% used [0x00000000e0000000,0x00000000f557ffe0,0x00000000f5580000)
 Metaspace       used 54311K, committed 55296K, reserved 1105920K
  class space    used 5419K, committed 5824K, reserved 1048576K
}
Event: 413.634 GC heap after
{Heap after GC invocations=387 (full 289):
 PSYoungGen      total 51712K, used 33695K [0x00000000f5580000, 0x00000000fdf80000, 0x0000000100000000)
  eden space 30720K, 99% used [0x00000000f5580000,0x00000000f737fff8,0x00000000f7380000)
  from space 20992K, 14% used [0x00000000fa900000,0x00000000fabe7e80,0x00000000fbd80000)
  to   space 54784K, 0% used [0x00000000f7380000,0x00000000f7380000,0x00000000fa900000)
 ParOldGen       total 349696K, used 349695K [0x00000000e0000000, 0x00000000f5580000, 0x00000000f5580000)
  object space 349696K, 99% used [0x00000000e0000000,0x00000000f557ffe0,0x00000000f5580000)
 Metaspace       used 54311K, committed 55296K, reserved 1105920K
  class space    used 5419K, committed 5824K, reserved 1048576K
}
Event: 413.640 GC heap before
{Heap before GC invocations=388 (full 290):
 PSYoungGen      total 51712K, used 33695K [0x00000000f5580000, 0x00000000fdf80000, 0x0000000100000000)
  eden space 30720K, 99% used [0x00000000f5580000,0x00000000f737fff8,0x00000000f7380000)
  from space 20992K, 14% used [0x00000000fa900000,0x00000000fabe7e80,0x00000000fbd80000)
  to   space 54784K, 0% used [0x00000000f7380000,0x00000000f7380000,0x00000000fa900000)
 ParOldGen       total 349696K, used 349695K [0x00000000e0000000, 0x00000000f5580000, 0x00000000f5580000)
  object space 349696K, 99% used [0x00000000e0000000,0x00000000f557fff8,0x00000000f5580000)
 Metaspace       used 54311K, committed 55296K, reserved 1105920K
  class space    used 5419K, committed 5824K, reserved 1048576K
}
Event: 414.771 GC heap after
{Heap after GC invocations=388 (full 290):
 PSYoungGen      total 51712K, used 33695K [0x00000000f5580000, 0x00000000fdf80000, 0x0000000100000000)
  eden space 30720K, 99% used [0x00000000f5580000,0x00000000f737fff8,0x00000000f7380000)
  from space 20992K, 14% used [0x00000000fa900000,0x00000000fabe7e80,0x00000000fbd80000)
  to   space 54784K, 0% used [0x00000000f7380000,0x00000000f7380000,0x00000000fa900000)
 ParOldGen       total 349696K, used 349695K [0x00000000e0000000, 0x00000000f5580000, 0x00000000f5580000)
  object space 349696K, 99% used [0x00000000e0000000,0x00000000f557fff8,0x00000000f5580000)
 Metaspace       used 54311K, committed 55296K, reserved 1105920K
  class space    used 5419K, committed 5824K, reserved 1048576K
}
Event: 414.771 GC heap before
{Heap before GC invocations=389 (full 291):
 PSYoungGen      total 51712K, used 33695K [0x00000000f5580000, 0x00000000fdf80000, 0x0000000100000000)
  eden space 30720K, 99% used [0x00000000f5580000,0x00000000f737fff8,0x00000000f7380000)
  from space 20992K, 14% used [0x00000000fa900000,0x00000000fabe7e80,0x00000000fbd80000)
  to   space 54784K, 0% used [0x00000000f7380000,0x00000000f7380000,0x00000000fa900000)
 ParOldGen       total 349696K, used 349695K [0x00000000e0000000, 0x00000000f5580000, 0x00000000f5580000)
  object space 349696K, 99% used [0x00000000e0000000,0x00000000f557fff8,0x00000000f5580000)
 Metaspace       used 54311K, committed 55296K, reserved 1105920K
  class space    used 5419K, committed 5824K, reserved 1048576K
}
Event: 415.880 GC heap after
{Heap after GC invocations=389 (full 291):
 PSYoungGen      total 51712K, used 33695K [0x00000000f5580000, 0x00000000fdf80000, 0x0000000100000000)
  eden space 30720K, 99% used [0x00000000f5580000,0x00000000f737fff8,0x00000000f7380000)
  from space 20992K, 14% used [0x00000000fa900000,0x00000000fabe7e80,0x00000000fbd80000)
  to   space 54784K, 0% used [0x00000000f7380000,0x00000000f7380000,0x00000000fa900000)
 ParOldGen       total 349696K, used 349695K [0x00000000e0000000, 0x00000000f5580000, 0x00000000f5580000)
  object space 349696K, 99% used [0x00000000e0000000,0x00000000f557fff8,0x00000000f5580000)
 Metaspace       used 54311K, committed 55296K, reserved 1105920K
  class space    used 5419K, committed 5824K, reserved 1048576K
}

Dll operation events (9 events):
Event: 0.002 Loaded shared library /nix/store/gpxl5qgg8kicmcvivwmybwjlpf7wh20l-graalvm17-ce-22.3.0/lib/libjava.so
Event: 0.036 Loaded shared library /nix/store/gpxl5qgg8kicmcvivwmybwjlpf7wh20l-graalvm17-ce-22.3.0/lib/libjsvml.so
Event: 0.338 Loaded shared library /nix/store/gpxl5qgg8kicmcvivwmybwjlpf7wh20l-graalvm17-ce-22.3.0/lib/libnio.so
Event: 0.351 Loaded shared library /nix/store/gpxl5qgg8kicmcvivwmybwjlpf7wh20l-graalvm17-ce-22.3.0/lib/libzip.so
Event: 0.358 Loaded shared library /nix/store/gpxl5qgg8kicmcvivwmybwjlpf7wh20l-graalvm17-ce-22.3.0/lib/libjvmcicompiler.so
Event: 0.765 Loaded shared library /nix/store/gpxl5qgg8kicmcvivwmybwjlpf7wh20l-graalvm17-ce-22.3.0/lib/libjimage.so
Event: 1.337 Loaded shared library /nix/store/gpxl5qgg8kicmcvivwmybwjlpf7wh20l-graalvm17-ce-22.3.0/lib/libnet.so
Event: 4.460 Loaded shared library /home/runner/.cache/jdt-language-server/config/org.eclipse.equinox.launcher/org.eclipse.equinox.launcher.gtk.linux.x86_64_1.2.400.v20211117-0650/eclipse_11600.so
Event: 13.372 Loaded shared library /nix/store/gpxl5qgg8kicmcvivwmybwjlpf7wh20l-graalvm17-ce-22.3.0/lib/libextnet.so

Deoptimization events (20 events):
Event: 381.345 Thread 0x00007f9648007280 DEOPT PACKING pc=0x00007f96aefc0854 sp=0x00007f966e1fe7f0
Event: 381.345 Thread 0x00007f9648007280 DEOPT UNPACKING pc=0x00007f96a7505325 sp=0x00007f966e1fdcc8 mode 3
Event: 395.793 Thread 0x00007f96c03048c0 Uncommon trap: trap_request=0xffffff8f fr.pc=0x00007f96af044e17 relative=0x00000000000000f7
Event: 395.793 Thread 0x00007f96c03048c0 Uncommon trap: reason=constraint action=none pc=0x00007f96af044e17 method=java.lang.StringBuilder.<init>()V @ 0 jvmci
Event: 395.793 Thread 0x00007f96c03048c0 DEOPT PACKING pc=0x00007f96af044e17 sp=0x00007f96a6eaf820
Event: 395.793 Thread 0x00007f96c03048c0 DEOPT UNPACKING pc=0x00007f96a7505325 sp=0x00007f96a6eaecc8 mode 3
Event: 398.163 Thread 0x00007f96c03048c0 Uncommon trap: trap_request=0xffffff8f fr.pc=0x00007f96af0160e5 relative=0x0000000000000145
Event: 398.163 Thread 0x00007f96c03048c0 Uncommon trap: reason=constraint action=none pc=0x00007f96af0160e5 method=java.lang.AbstractStringBuilder.<init>(I)V @ 0 jvmci
Event: 398.163 Thread 0x00007f96c03048c0 DEOPT PACKING pc=0x00007f96af0160e5 sp=0x00007f96a6eaf7b0
Event: 398.163 Thread 0x00007f96c03048c0 DEOPT UNPACKING pc=0x00007f96a7505325 sp=0x00007f96a6eaec58 mode 3
Event: 408.942 Thread 0x00007f9658489b30 Uncommon trap: trap_request=0xffffff8f fr.pc=0x00007f96af182a14 relative=0x0000000000000274
Event: 408.942 Thread 0x00007f9658489b30 Uncommon trap: reason=constraint action=none pc=0x00007f96af182a14 method=org.eclipse.jdt.internal.core.index.DiskIndex$IntList.add(I)V @ 0 jvmci
Event: 408.942 Thread 0x00007f9658489b30 DEOPT PACKING pc=0x00007f96af182a14 sp=0x00007f966e7fe500
Event: 408.942 Thread 0x00007f9658489b30 DEOPT UNPACKING pc=0x00007f96a7505325 sp=0x00007f966e7fd9a0 mode 3
Event: 411.275 Thread 0x00007f9658489b30 DEOPT PACKING pc=0x00007f96af180ff4 sp=0x00007f966e7fe530
Event: 411.275 Thread 0x00007f9658489b30 DEOPT UNPACKING pc=0x00007f96a7505325 sp=0x00007f966e7fda30 mode 1
Event: 413.634 Thread 0x00007f96c03048c0 Uncommon trap: trap_request=0xffffff8f fr.pc=0x00007f96aefc0854 relative=0x0000000000000434
Event: 413.634 Thread 0x00007f96c03048c0 Uncommon trap: reason=constraint action=none pc=0x00007f96aefc0854 method=java.lang.StringBuilder.append(Ljava/lang/String;)Ljava/lang/StringBuilder; @ 0 jvmci
Event: 413.634 Thread 0x00007f96c03048c0 DEOPT PACKING pc=0x00007f96aefc0854 sp=0x00007f96a6eaf7f0
Event: 413.634 Thread 0x00007f96c03048c0 DEOPT UNPACKING pc=0x00007f96a7505325 sp=0x00007f96a6eaecc8 mode 3

Classes unloaded (20 events):
Event: 145.853 Thread 0x00007f96c00a1bf0 Unloading class 0x0000000800d05000 'java/lang/invoke/LambdaForm$MH+0x0000000800d05000'
Event: 145.853 Thread 0x00007f96c00a1bf0 Unloading class 0x0000000800d04c00 'java/lang/invoke/LambdaForm$MH+0x0000000800d04c00'
Event: 145.853 Thread 0x00007f96c00a1bf0 Unloading class 0x0000000800d04800 'java/lang/invoke/LambdaForm$MH+0x0000000800d04800'
Event: 151.153 Thread 0x00007f96c00a1bf0 Unloading class 0x0000000800f04800 'jdk/internal/reflect/GeneratedConstructorAccessor14'
Event: 151.153 Thread 0x00007f96c00a1bf0 Unloading class 0x0000000800efc800 'jdk/internal/reflect/GeneratedConstructorAccessor10'
Event: 151.153 Thread 0x00007f96c00a1bf0 Unloading class 0x0000000800efc400 'jdk/internal/reflect/GeneratedConstructorAccessor9'
Event: 151.153 Thread 0x00007f96c00a1bf0 Unloading class 0x0000000800efc000 'jdk/internal/reflect/GeneratedConstructorAccessor8'
Event: 153.836 Thread 0x00007f96c00a1bf0 Unloading class 0x0000000801069400 'java/lang/invoke/LambdaForm$MH+0x0000000801069400'
Event: 153.836 Thread 0x00007f96c00a1bf0 Unloading class 0x0000000801069000 'java/lang/invoke/LambdaForm$MH+0x0000000801069000'
Event: 153.836 Thread 0x00007f96c00a1bf0 Unloading class 0x0000000801068c00 'java/lang/invoke/LambdaForm$MH+0x0000000801068c00'
Event: 153.836 Thread 0x00007f96c00a1bf0 Unloading class 0x0000000801068800 'java/lang/invoke/LambdaForm$MH+0x0000000801068800'
Event: 153.836 Thread 0x00007f96c00a1bf0 Unloading class 0x0000000801068400 'java/lang/invoke/LambdaForm$MH+0x0000000801068400'
Event: 153.837 Thread 0x00007f96c00a1bf0 Unloading class 0x0000000801068000 'java/lang/invoke/LambdaForm$MH+0x0000000801068000'
Event: 153.837 Thread 0x00007f96c00a1bf0 Unloading class 0x0000000800d98400 'java/lang/invoke/LambdaForm$MH+0x0000000800d98400'
Event: 153.837 Thread 0x00007f96c00a1bf0 Unloading class 0x0000000800d04000 'java/lang/invoke/LambdaForm$MH+0x0000000800d04000'
Event: 162.783 Thread 0x00007f96c00a1bf0 Unloading class 0x00000008010a0400 'jdk/internal/reflect/GeneratedSerializationConstructorAccessor4'
Event: 162.783 Thread 0x00007f96c00a1bf0 Unloading class 0x00000008010a0000 'jdk/internal/reflect/GeneratedSerializationConstructorAccessor3'
Event: 162.783 Thread 0x00007f96c00a1bf0 Unloading class 0x000000080109cc00 'jdk/internal/reflect/GeneratedSerializationConstructorAccessor2'
Event: 162.783 Thread 0x00007f96c00a1bf0 Unloading class 0x000000080109c800 'jdk/internal/reflect/GeneratedSerializationConstructorAccessor1'
Event: 175.885 Thread 0x00007f96c00a1bf0 Unloading class 0x00000008011ad000 'jdk/internal/reflect/GeneratedConstructorAccessor29'

Classes redefined (0 events):
No events

Internal exceptions (20 events):
Event: 371.169 Thread 0x00007f9648007280 Exception <a 'java/lang/OutOfMemoryError'{0x00000000e0010d78}> (0x00000000e0010d78) 
thrown [src/hotspot/share/gc/shared/memAllocator.cpp, line 136]
Event: 374.851 Thread 0x00007f9648007280 Exception <a 'java/lang/OutOfMemoryError'{0x00000000e0010d78}> (0x00000000e0010d78) 
thrown [src/hotspot/share/gc/shared/memAllocator.cpp, line 136]
Event: 378.999 Thread 0x00007f9648007280 Exception <a 'java/lang/OutOfMemoryError'{0x00000000e0010a58}> (0x00000000e0010a58) 
thrown [src/hotspot/share/gc/shared/memAllocator.cpp, line 138]
Event: 378.999 Thread 0x00007f9648007280 Implicit null exception at 0x00007f96aefc06e3 to 0x00007f96aefc0839
Event: 381.349 Thread 0x00007f96c03ade40 Exception <a 'java/lang/OutOfMemoryError'{0x00000000e0010d78}> (0x00000000e0010d78) 
thrown [src/hotspot/share/gc/shared/memAllocator.cpp, line 136]
Event: 385.061 Thread 0x00007f9650001580 Exception <a 'java/lang/OutOfMemoryError'{0x00000000e0010d78}> (0x00000000e0010d78) 
thrown [src/hotspot/share/gc/shared/memAllocator.cpp, line 136]
Event: 388.498 Thread 0x00007f96c03048c0 Exception <a 'java/lang/OutOfMemoryError'{0x00000000e0010d78}> (0x00000000e0010d78) 
thrown [src/hotspot/share/gc/shared/memAllocator.cpp, line 136]
Event: 392.237 Thread 0x00007f96c03048c0 Exception <a 'java/lang/OutOfMemoryError'{0x00000000e0010d78}> (0x00000000e0010d78) 
thrown [src/hotspot/share/gc/shared/memAllocator.cpp, line 136]
Event: 395.793 Thread 0x00007f96c03048c0 Exception <a 'java/lang/OutOfMemoryError'{0x00000000e0010a58}> (0x00000000e0010a58) 
thrown [src/hotspot/share/gc/shared/memAllocator.cpp, line 138]
Event: 395.793 Thread 0x00007f96c03048c0 Implicit null exception at 0x00007f96af044df5 to 0x00007f96af044dfc
Event: 398.163 Thread 0x00007f96c03048c0 Exception <a 'java/lang/OutOfMemoryError'{0x00000000e0010a58}> (0x00000000e0010a58) 
thrown [src/hotspot/share/gc/shared/memAllocator.cpp, line 138]
Event: 398.163 Thread 0x00007f96c03048c0 Implicit null exception at 0x00007f96af0160b7 to 0x00007f96af0160ca
Event: 400.569 Thread 0x00007f9614000ff0 Exception <a 'java/lang/OutOfMemoryError'{0x00000000e0010d78}> (0x00000000e0010d78) 
thrown [src/hotspot/share/gc/shared/memAllocator.cpp, line 136]
Event: 404.083 Thread 0x00007f9650001580 Exception <a 'java/lang/OutOfMemoryError'{0x00000000e0010d78}> (0x00000000e0010d78) 
thrown [src/hotspot/share/gc/shared/memAllocator.cpp, line 136]
Event: 408.942 Thread 0x00007f9658489b30 Exception <a 'java/lang/OutOfMemoryError'{0x00000000e0010a58}> (0x00000000e0010a58) 
thrown [src/hotspot/share/gc/shared/memAllocator.cpp, line 138]
Event: 408.942 Thread 0x00007f9658489b30 Implicit null exception at 0x00007f96af18296d to 0x00007f96af1829f9
Event: 411.275 Thread 0x00007f9658489b30 Exception <a 'java/lang/OutOfMemoryError'{0x00000000e0010d78}> (0x00000000e0010d78) 
thrown [src/hotspot/share/gc/shared/memAllocator.cpp, line 136]
Event: 413.634 Thread 0x00007f96c03048c0 Exception <a 'java/lang/OutOfMemoryError'{0x00000000e0010a58}> (0x00000000e0010a58) 
thrown [src/hotspot/share/gc/shared/memAllocator.cpp, line 138]
Event: 413.634 Thread 0x00007f96c03048c0 Implicit null exception at 0x00007f96aefc06e3 to 0x00007f96aefc0839
Event: 415.880 Thread 0x00007f96c00b21b0 Exception <a 'java/lang/OutOfMemoryError'{0x00000000e0010d78}> (0x00000000e0010d78) 
thrown [src/hotspot/share/gc/shared/memAllocator.cpp, line 136]

VM Operations (20 events):
Event: 398.163 Executing VM operation: ParallelGCFailedAllocation done
Event: 398.163 Executing VM operation: ParallelGCFailedAllocation
Event: 400.569 Executing VM operation: ParallelGCFailedAllocation done
Event: 400.569 Executing VM operation: ParallelGCFailedAllocation
Event: 401.759 Executing VM operation: ParallelGCFailedAllocation done
Event: 401.759 Executing VM operation: ParallelGCFailedAllocation
Event: 404.083 Executing VM operation: ParallelGCFailedAllocation done
Event: 404.085 Executing VM operation: ParallelGCFailedAllocation
Event: 405.346 Executing VM operation: ParallelGCFailedAllocation done
Event: 405.346 Executing VM operation: ParallelGCFailedAllocation
Event: 406.547 Executing VM operation: ParallelGCFailedAllocation done
Event: 406.547 Executing VM operation: ParallelGCFailedAllocation
Event: 408.942 Executing VM operation: ParallelGCFailedAllocation done
Event: 408.942 Executing VM operation: ParallelGCFailedAllocation
Event: 411.275 Executing VM operation: ParallelGCFailedAllocation done
Event: 411.275 Executing VM operation: ParallelGCFailedAllocation
Event: 413.634 Executing VM operation: ParallelGCFailedAllocation done
Event: 413.639 Executing VM operation: ParallelGCFailedAllocation
Event: 415.880 Executing VM operation: ParallelGCFailedAllocation done
Event: 415.880 Executing VM operation: ParallelGCFailedAllocation

Events (20 events):
Event: 51.040 Thread 0x00007f96c00b4720 flushing nmethod 0x00007f96a88b6610
Event: 51.040 Thread 0x00007f96c00b4720 flushing nmethod 0x00007f96a88c4e90
Event: 51.040 Thread 0x00007f96c00b4720 flushing nmethod 0x00007f96a88d1b10
Event: 51.040 Thread 0x00007f96c00b4720 flushing nmethod 0x00007f96a88e7110
Event: 51.040 Thread 0x00007f96c00b4720 flushing nmethod 0x00007f96a88ec590
Event: 51.040 Thread 0x00007f96c00b4720 flushing nmethod 0x00007f96a88fca90
Event: 61.540 Thread 0x00007f96c01f8170 Thread exited: 0x00007f96c01f8170
Event: 61.564 Thread 0x00007f9630171b20 Thread added: 0x00007f9630171b20
Event: 61.564 Protecting memory [0x00007f966dd00000,0x00007f966dd04000] with protection modes 0
Event: 61.649 Thread 0x00007f9630171b20 Thread exited: 0x00007f9630171b20
Event: 100.091 Thread 0x00007f9624002180 Thread exited: 0x00007f9624002180
Event: 102.784 Thread 0x00007f96480010d0 Thread exited: 0x00007f96480010d0
Event: 106.738 Thread 0x00007f962c000ff0 Thread exited: 0x00007f962c000ff0
Event: 110.440 Thread 0x00007f965830d4d0 Thread exited: 0x00007f965830d4d0
Event: 169.355 Thread 0x00007f9630171b20 Thread added: 0x00007f9630171b20
Event: 169.356 Protecting memory [0x00007f966eb00000,0x00007f966eb04000] with protection modes 0
Event: 170.833 Thread 0x00007f9630172340 Thread added: 0x00007f9630172340
Event: 170.840 Protecting memory [0x00007f96a4100000,0x00007f96a4104000] with protection modes 0
Event: 241.946 Thread 0x00007f9630172bc0 Thread added: 0x00007f9630172bc0
Event: 241.946 Protecting memory [0x00007f966e900000,0x00007f966e904000] with protection modes 0


Dynamic libraries:
e0000000-f5580000 rw-p 00000000 00:00 0 
f5580000-fdf80000 rw-p 00000000 00:00 0 
fdf80000-100000000 ---p 00000000 00:00 0 
800000000-800449000 rw-p 00001000 00:258d 4611686019135357769            /nix/store/gpxl5qgg8kicmcvivwmybwjlpf7wh20l-graalvm17-ce-22.3.0/lib/server/classes.jsa
800449000-800bc8000 r--p 0044a000 00:258d 4611686019135357769            /nix/store/gpxl5qgg8kicmcvivwmybwjlpf7wh20l-graalvm17-ce-22.3.0/lib/server/classes.jsa
800bc8000-800c00000 ---p 00000000 00:00 0 
800c00000-800c20000 rw-p 00000000 00:00 0 
800c20000-800c40000 rw-p 00000000 00:00 0 
800c40000-800cc0000 rw-p 00000000 00:00 0 
800cc0000-800d00000 rw-p 00000000 00:00 0 
800d00000-800dc0000 rw-p 00000000 00:00 0 
800dc0000-800e00000 rw-p 00000000 00:00 0 
800e00000-800f40000 rw-p 00000000 00:00 0 
800f40000-800fc0000 rw-p 00000000 00:00 0 
800fc0000-800ff0000 rw-p 00000000 00:00 0 
800ff0000-801000000 ---p 00000000 00:00 0 
801000000-8011c0000 rw-p 00000000 00:00 0 
8011c0000-840c00000 ---p 00000000 00:00 0 
5576fdfce000-5576fdfcf000 r-xp 00000000 00:258d 4611686019099417844      /nix/store/gpxl5qgg8kicmcvivwmybwjlpf7wh20l-graalvm17-ce-22.3.0/bin/.java-wrapped
5576fdfd0000-5576fdfd1000 r--p 00001000 00:258d 4611686019099417844      /nix/store/gpxl5qgg8kicmcvivwmybwjlpf7wh20l-graalvm17-ce-22.3.0/bin/.java-wrapped
5576fdfd1000-5576fdfd2000 rw-p 00002000 00:258d 4611686019099417844      /nix/store/gpxl5qgg8kicmcvivwmybwjlpf7wh20l-graalvm17-ce-22.3.0/bin/.java-wrapped
5576fdfd2000-5576fdfd3000 rw-p 00004000 00:258d 4611686019099417844      /nix/store/gpxl5qgg8kicmcvivwmybwjlpf7wh20l-graalvm17-ce-22.3.0/bin/.java-wrapped
5576fdfd3000-5576fdfd4000 rw-p 00005000 00:258d 4611686019099417844      /nix/store/gpxl5qgg8kicmcvivwmybwjlpf7wh20l-graalvm17-ce-22.3.0/bin/.java-wrapped
5576ffe96000-5576ffede000 rw-p 00000000 00:00 0                          [heap]
7f960c000000-7f960c021000 rw-p 00000000 00:00 0 
7f960c021000-7f9610000000 ---p 00000000 00:00 0 
7f9610000000-7f961005d000 rw-p 00000000 00:00 0 
7f961005d000-7f9614000000 ---p 00000000 00:00 0 
7f9614000000-7f9614021000 rw-p 00000000 00:00 0 
7f9614021000-7f9618000000 ---p 00000000 00:00 0 
7f9619800000-7f96198e0000 rw-p 00000000 00:00 0 
7f96198e0000-7f961a000000 ---p 00000000 00:00 0 
7f961a4b3000-7f9624000000 r--s 00000000 00:258d 4611686019135192581      /nix/store/gpxl5qgg8kicmcvivwmybwjlpf7wh20l-graalvm17-ce-22.3.0/lib/modules
7f9624000000-7f9624021000 rw-p 00000000 00:00 0 
7f9624021000-7f9628000000 ---p 00000000 00:00 0 
7f9628000000-7f9628236000 rw-p 00000000 00:00 0 
7f9628236000-7f962c000000 ---p 00000000 00:00 0 
7f962c000000-7f962c0f4000 rw-p 00000000 00:00 0 
7f962c0f4000-7f9630000000 ---p 00000000 00:00 0 
7f9630000000-7f9630188000 rw-p 00000000 00:00 0 
7f9630188000-7f9634000000 ---p 00000000 00:00 0 
7f9634000000-7f9634021000 rw-p 00000000 00:00 0 
7f9634021000-7f9638000000 ---p 00000000 00:00 0 
7f9638000000-7f9638021000 rw-p 00000000 00:00 0 
7f9638021000-7f963c000000 ---p 00000000 00:00 0 
7f963c000000-7f963c358000 rw-p 00000000 00:00 0 
7f963c358000-7f9640000000 ---p 00000000 00:00 0 
7f9640000000-7f9640063000 rw-p 00000000 00:00 0 
7f9640063000-7f9644000000 ---p 00000000 00:00 0 
7f9644000000-7f9644021000 rw-p 00000000 00:00 0 
7f9644021000-7f9648000000 ---p 00000000 00:00 0 
7f9648000000-7f9648095000 rw-p 00000000 00:00 0 
7f9648095000-7f964c000000 ---p 00000000 00:00 0 
7f964c000000-7f964c021000 rw-p 00000000 00:00 0 
7f964c021000-7f9650000000 ---p 00000000 00:00 0 
7f9650000000-7f96500d7000 rw-p 00000000 00:00 0 
7f96500d7000-7f9654000000 ---p 00000000 00:00 0 
7f9654000000-7f9654025000 rw-p 00000000 00:00 0 
7f9654025000-7f9658000000 ---p 00000000 00:00 0 
7f9658000000-7f96588c3000 rw-p 00000000 00:00 0 
7f96588c3000-7f965c000000 ---p 00000000 00:00 0 
7f965c400000-7f965c500000 rw-p 00000000 00:00 0 
7f965c500000-7f965c570000 rw-p 00000000 00:00 0 
7f965c570000-7f965c600000 ---p 00000000 00:00 0 
7f965c600000-7f965cc00000 rw-p 00000000 00:00 0 
7f965cc00000-7f965cd80000 rw-p 00000000 00:00 0 
7f965cd80000-7f965ce00000 rw-p 00000000 00:00 0 
7f965ce00000-7f965d1c0000 rw-p 00000000 00:00 0 
7f965d1c0000-7f965d200000 rw-p 00000000 00:00 0 
7f965d200000-7f965d400000 rw-p 00000000 00:00 0 
7f965d400000-7f965d500000 rw-p 00000000 00:00 0 
7f965d500000-7f965d700000 rw-p 00000000 00:00 0 
7f965d700000-7f965d780000 rw-p 00000000 00:00 0 
7f965d780000-7f965d800000 rw-p 00000000 00:00 0 
7f965d800000-7f965d900000 rw-p 00000000 00:00 0 
7f965d900000-7f965da00000 rw-p 00000000 00:00 0 
7f965da00000-7f965dc00000 rw-p 00000000 00:00 0 
7f965dc00000-7f965dd00000 rw-p 00000000 00:00 0 
7f965dd00000-7f965de00000 rw-p 00000000 00:00 0 
7f965de00000-7f965e400000 rw-p 00000000 00:00 0 
7f965e400000-7f965e500000 rw-p 00000000 00:00 0 
7f965e500000-7f965e600000 rw-p 00000000 00:00 0 
7f965e600000-7f965e900000 rw-p 00000000 00:00 0 
7f965e900000-7f965ea00000 rw-p 00000000 00:00 0 
7f965ea00000-7f965ec00000 rw-p 00000000 00:00 0 
7f965ee00000-7f965ee10000 r-xp 00000000 00:17a0 390                      /home/runner/.cache/jdt-language-server/config/org.eclipse.equinox.launcher/org.eclipse.equinox.launcher.gtk.linux.x86_64_1.2.400.v20211117-0650/eclipse_11600.so
7f965ee10000-7f965f00f000 ---p 00010000 00:17a0 390                      /home/runner/.cache/jdt-language-server/config/org.eclipse.equinox.launcher/org.eclipse.equinox.launcher.gtk.linux.x86_64_1.2.400.v20211117-0650/eclipse_11600.so
7f965f00f000-7f965f010000 r--p 0000f000 00:17a0 390                      /home/runner/.cache/jdt-language-server/config/org.eclipse.equinox.launcher/org.eclipse.equinox.launcher.gtk.linux.x86_64_1.2.400.v20211117-0650/eclipse_11600.so
7f965f010000-7f965f011000 rw-p 00010000 00:17a0 390                      /home/runner/.cache/jdt-language-server/config/org.eclipse.equinox.launcher/org.eclipse.equinox.launcher.gtk.linux.x86_64_1.2.400.v20211117-0650/eclipse_11600.so
7f9660000000-7f9660021000 rw-p 00000000 00:00 0 
7f9660021000-7f9664000000 ---p 00000000 00:00 0 
7f9664000000-7f9664021000 rw-p 00000000 00:00 0 
7f9664021000-7f9668000000 ---p 00000000 00:00 0 
7f9668000000-7f9668021000 rw-p 00000000 00:00 0 
7f9668021000-7f966c000000 ---p 00000000 00:00 0 
7f966c500000-7f966c600000 ---p 00000000 00:00 0 
7f966c600000-7f966cbaf000 r--p 01122000 00:258d 4611686019135190040      /nix/store/gpxl5qgg8kicmcvivwmybwjlpf7wh20l-graalvm17-ce-22.3.0/lib/libjvmcicompiler.so
7f966cbaf000-7f966cd00000 r--p 00000000 00:00 0 
7f966cd00000-7f966cd3d000 rw-p 00000000 00:00 0 
7f966cd3d000-7f966d25d000 rw-p 0185f000 00:258d 4611686019135190040      /nix/store/gpxl5qgg8kicmcvivwmybwjlpf7wh20l-graalvm17-ce-22.3.0/lib/libjvmcicompiler.so
7f966d25d000-7f966d644000 r--p 01d7f000 00:258d 4611686019135190040      /nix/store/gpxl5qgg8kicmcvivwmybwjlpf7wh20l-graalvm17-ce-22.3.0/lib/libjvmcicompiler.so
7f966d700000-7f966d704000 ---p 00000000 00:00 0 
7f966d704000-7f966d800000 rw-p 00000000 00:00 0 
7f966d900000-7f966d904000 ---p 00000000 00:00 0 
7f966d904000-7f966da00000 rw-p 00000000 00:00 0 
7f966db00000-7f966db04000 ---p 00000000 00:00 0 
7f966db04000-7f966dc00000 rw-p 00000000 00:00 0 
7f966dd00000-7f966dd04000 ---p 00000000 00:00 0 
7f966dd04000-7f966de00000 rw-p 00000000 00:00 0 
7f966de00000-7f966de04000 ---p 00000000 00:00 0 
7f966de04000-7f966df00000 rw-p 00000000 00:00 0 
7f966df00000-7f966df04000 ---p 00000000 00:00 0 
7f966df04000-7f966e000000 rw-p 00000000 00:00 0 
7f966e100000-7f966e104000 ---p 00000000 00:00 0 
7f966e104000-7f966e200000 rw-p 00000000 00:00 0 
7f966e300000-7f966e304000 ---p 00000000 00:00 0 
7f966e304000-7f966e400000 rw-p 00000000 00:00 0 
7f966e500000-7f966e504000 ---p 00000000 00:00 0 
7f966e504000-7f966e600000 rw-p 00000000 00:00 0 
7f966e700000-7f966e704000 ---p 00000000 00:00 0 
7f966e704000-7f966e800000 rw-p 00000000 00:00 0 
7f966e900000-7f966e904000 ---p 00000000 00:00 0 
7f966e904000-7f966ea00000 rw-p 00000000 00:00 0 
7f966eb00000-7f966eb04000 ---p 00000000 00:00 0 
7f966eb04000-7f966ec00000 rw-p 00000000 00:00 0 
7f966ed00000-7f966ed04000 ---p 00000000 00:00 0 
7f966ed04000-7f966ee00000 rw-p 00000000 00:00 0 
7f966fa68000-7f966ff00000 rw-p 00000000 00:00 0 
7f9670000000-7f9670021000 rw-p 00000000 00:00 0 
7f9670021000-7f9674000000 ---p 00000000 00:00 0 
7f9674000000-7f9674021000 rw-p 00000000 00:00 0 
7f9674021000-7f9678000000 ---p 00000000 00:00 0 
7f9678000000-7f9678021000 rw-p 00000000 00:00 0 
7f9678021000-7f967c000000 ---p 00000000 00:00 0 
7f967c000000-7f967c021000 rw-p 00000000 00:00 0 
7f967c021000-7f9680000000 ---p 00000000 00:00 0 
7f9680000000-7f96800cf000 rw-p 00000000 00:00 0 
7f96800cf000-7f9684000000 ---p 00000000 00:00 0 
7f9684000000-7f9684b4a000 rw-p 00000000 00:00 0 
7f9684b4a000-7f9688000000 ---p 00000000 00:00 0 
7f9688000000-7f9688021000 rw-p 00000000 00:00 0 
7f9688021000-7f968c000000 ---p 00000000 00:00 0 
7f968c000000-7f968c021000 rw-p 00000000 00:00 0 
7f968c021000-7f9690000000 ---p 00000000 00:00 0 
7f9690000000-7f9690021000 rw-p 00000000 00:00 0 
7f9690021000-7f9694000000 ---p 00000000 00:00 0 
7f9694000000-7f9694021000 rw-p 00000000 00:00 0 
7f9694021000-7f9698000000 ---p 00000000 00:00 0 
7f9698000000-7f9698021000 rw-p 00000000 00:00 0 
7f9698021000-7f969c000000 ---p 00000000 00:00 0 
7f969c000000-7f969c021000 rw-p 00000000 00:00 0 
7f969c021000-7f96a0000000 ---p 00000000 00:00 0 
7f96a0000000-7f96a010c000 rw-p 00000000 00:00 0 
7f96a010c000-7f96a4000000 ---p 00000000 00:00 0 
7f96a4100000-7f96a4104000 ---p 00000000 00:00 0 
7f96a4104000-7f96a4200000 rw-p 00000000 00:00 0 
7f96a4300000-7f96a4304000 ---p 00000000 00:00 0 
7f96a4304000-7f96a4400000 rw-p 00000000 00:00 0 
7f96a4500000-7f96a4504000 ---p 00000000 00:00 0 
7f96a4504000-7f96a4600000 rw-p 00000000 00:00 0 
7f96a4700000-7f96a4704000 ---p 00000000 00:00 0 
7f96a4704000-7f96a4800000 rw-p 00000000 00:00 0 
7f96a4900000-7f96a4904000 ---p 00000000 00:00 0 
7f96a4904000-7f96a4a00000 rw-p 00000000 00:00 0 
7f96a4a00000-7f96a6b6a000 r-xp 00000000 00:258d 4611686019135190040      /nix/store/gpxl5qgg8kicmcvivwmybwjlpf7wh20l-graalvm17-ce-22.3.0/lib/libjvmcicompiler.so
7f96a6b6a000-7f96a6d69000 ---p 0216a000 00:258d 4611686019135190040      /nix/store/gpxl5qgg8kicmcvivwmybwjlpf7wh20l-graalvm17-ce-22.3.0/lib/libjvmcicompiler.so
7f96a6d69000-7f96a6d6a000 r--p 02169000 00:258d 4611686019135190040      /nix/store/gpxl5qgg8kicmcvivwmybwjlpf7wh20l-graalvm17-ce-22.3.0/lib/libjvmcicompiler.so
7f96a6d6a000-7f96a6d6c000 rw-p 0216a000 00:258d 4611686019135190040      /nix/store/gpxl5qgg8kicmcvivwmybwjlpf7wh20l-graalvm17-ce-22.3.0/lib/libjvmcicompiler.so
7f96a6d6c000-7f96a6d6d000 rw-p 00000000 00:00 0 
7f96a6d6d000-7f96a6d72000 rw-p 023c3000 00:258d 4611686019135190040      /nix/store/gpxl5qgg8kicmcvivwmybwjlpf7wh20l-graalvm17-ce-22.3.0/lib/libjvmcicompiler.so
7f96a6db1000-7f96a6db5000 ---p 00000000 00:00 0 
7f96a6db5000-7f96a6eb1000 rw-p 00000000 00:00 0 
7f96a6eb1000-7f96a6eb2000 ---p 00000000 00:00 0 
7f96a6eb2000-7f96a6fb3000 rw-p 00000000 00:00 0 
7f96a6fb3000-7f96a6fb7000 ---p 00000000 00:00 0 
7f96a6fb7000-7f96a70b3000 rw-p 00000000 00:00 0 
7f96a70b3000-7f96a70b7000 ---p 00000000 00:00 0 
7f96a70b7000-7f96a71b3000 rw-p 00000000 00:00 0 
7f96a71b3000-7f96a71b7000 ---p 00000000 00:00 0 
7f96a71b7000-7f96a72b3000 rw-p 00000000 00:00 0 
7f96a72b3000-7f96a72b7000 ---p 00000000 00:00 0 
7f96a72b7000-7f96a74b3000 rw-p 00000000 00:00 0 
7f96a74b3000-7f96a7723000 rwxp 00000000 00:00 0 
7f96a7723000-7f96a7a42000 ---p 00000000 00:00 0 
7f96a7a42000-7f96a8932000 rwxp 00000000 00:00 0 
7f96a8932000-7f96aef7a000 ---p 00000000 00:00 0 
7f96aef7a000-7f96af1ea000 rwxp 00000000 00:00 0 
7f96af1ea000-7f96b64b3000 ---p 00000000 00:00 0 
7f96b64b3000-7f96c0000000 r--s 00000000 00:258d 4611686019135192581      /nix/store/gpxl5qgg8kicmcvivwmybwjlpf7wh20l-graalvm17-ce-22.3.0/lib/modules
7f96c0000000-7f96c0603000 rw-p 00000000 00:00 0 
7f96c0603000-7f96c4000000 ---p 00000000 00:00 0 
7f96c4048000-7f96c404c000 ---p 00000000 00:00 0 
7f96c404c000-7f96c4248000 rw-p 00000000 00:00 0 
7f96c4248000-7f96c424c000 ---p 00000000 00:00 0 
7f96c424c000-7f96c4348000 rw-p 00000000 00:00 0 
7f96c4348000-7f96c434c000 ---p 00000000 00:00 0 
7f96c434c000-7f96c4448000 rw-p 00000000 00:00 0 
7f96c4448000-7f96c444c000 ---p 00000000 00:00 0 
7f96c444c000-7f96c4548000 rw-p 00000000 00:00 0 
7f96c4548000-7f96c482e000 r--p 00000000 00:e78 28444448                  /usr/lib/locale/locale-archive
7f96c482e000-7f96c4832000 ---p 00000000 00:00 0 
7f96c4832000-7f96c492e000 rw-p 00000000 00:00 0 
7f96c492e000-7f96c4932000 ---p 00000000 00:00 0 
7f96c4932000-7f96c4a2e000 rw-p 00000000 00:00 0 
7f96c4a2e000-7f96c4a2f000 ---p 00000000 00:00 0 
7f96c4a2f000-7f96c4b30000 rw-p 00000000 00:00 0 
7f96c4b30000-7f96c4bfe000 r-xp 00000000 00:258d 4611686019135190036      /nix/store/gpxl5qgg8kicmcvivwmybwjlpf7wh20l-graalvm17-ce-22.3.0/lib/libjsvml.so
7f96c4bfe000-7f96c4bff000 r--p 000cd000 00:258d 4611686019135190036      /nix/store/gpxl5qgg8kicmcvivwmybwjlpf7wh20l-graalvm17-ce-22.3.0/lib/libjsvml.so
7f96c4bff000-7f96c4c00000 rw-p 000ce000 00:258d 4611686019135190036      /nix/store/gpxl5qgg8kicmcvivwmybwjlpf7wh20l-graalvm17-ce-22.3.0/lib/libjsvml.so
7f96c4c00000-7f96c5000000 rw-p 00000000 00:00 0 
7f96c5000000-7f96c5300000 rw-p 00000000 00:00 0 
7f96c5300000-7f96c5400000 rw-p 00000000 00:00 0 
7f96c5460000-7f96c5462000 r-xp 00000000 00:258d 4611686019135190017      /nix/store/gpxl5qgg8kicmcvivwmybwjlpf7wh20l-graalvm17-ce-22.3.0/lib/libextnet.so
7f96c5462000-7f96c5463000 r--p 00001000 00:258d 4611686019135190017      /nix/store/gpxl5qgg8kicmcvivwmybwjlpf7wh20l-graalvm17-ce-22.3.0/lib/libextnet.so
7f96c5463000-7f96c5464000 rw-p 00002000 00:258d 4611686019135190017      /nix/store/gpxl5qgg8kicmcvivwmybwjlpf7wh20l-graalvm17-ce-22.3.0/lib/libextnet.so
7f96c5464000-7f96c5465000 rw-p 00004000 00:258d 4611686019135190017      /nix/store/gpxl5qgg8kicmcvivwmybwjlpf7wh20l-graalvm17-ce-22.3.0/lib/libextnet.so
7f96c5465000-7f96c5469000 ---p 00000000 00:00 0 
7f96c5469000-7f96c5487000 rw-p 00000000 00:00 0 
7f96c5487000-7f96c548e000 r-xp 00000000 00:258d 4611686019135192580      /nix/store/gpxl5qgg8kicmcvivwmybwjlpf7wh20l-graalvm17-ce-22.3.0/lib/libzip.so
7f96c548e000-7f96c548f000 ---p 00007000 00:258d 4611686019135192580      /nix/store/gpxl5qgg8kicmcvivwmybwjlpf7wh20l-graalvm17-ce-22.3.0/lib/libzip.so
7f96c548f000-7f96c5490000 r--p 00007000 00:258d 4611686019135192580      /nix/store/gpxl5qgg8kicmcvivwmybwjlpf7wh20l-graalvm17-ce-22.3.0/lib/libzip.so
7f96c5490000-7f96c5491000 rw-p 00008000 00:258d 4611686019135192580      /nix/store/gpxl5qgg8kicmcvivwmybwjlpf7wh20l-graalvm17-ce-22.3.0/lib/libzip.so
7f96c5491000-7f96c5493000 rw-p 0000b000 00:258d 4611686019135192580      /nix/store/gpxl5qgg8kicmcvivwmybwjlpf7wh20l-graalvm17-ce-22.3.0/lib/libzip.so
7f96c5493000-7f96c54a8000 r-xp 00000000 00:258d 4611686019135192570      /nix/store/gpxl5qgg8kicmcvivwmybwjlpf7wh20l-graalvm17-ce-22.3.0/lib/libnet.so
7f96c54a8000-7f96c54a9000 ---p 00015000 00:258d 4611686019135192570      /nix/store/gpxl5qgg8kicmcvivwmybwjlpf7wh20l-graalvm17-ce-22.3.0/lib/libnet.so
7f96c54a9000-7f96c54aa000 r--p 00015000 00:258d 4611686019135192570      /nix/store/gpxl5qgg8kicmcvivwmybwjlpf7wh20l-graalvm17-ce-22.3.0/lib/libnet.so
7f96c54aa000-7f96c54ab000 rw-p 00016000 00:258d 4611686019135192570      /nix/store/gpxl5qgg8kicmcvivwmybwjlpf7wh20l-graalvm17-ce-22.3.0/lib/libnet.so
7f96c54ab000-7f96c54ae000 rw-p 0001b000 00:258d 4611686019135192570      /nix/store/gpxl5qgg8kicmcvivwmybwjlpf7wh20l-graalvm17-ce-22.3.0/lib/libnet.so
7f96c54ae000-7f96c54c1000 r-xp 00000000 00:258d 4611686019135192571      /nix/store/gpxl5qgg8kicmcvivwmybwjlpf7wh20l-graalvm17-ce-22.3.0/lib/libnio.so
7f96c54c1000-7f96c54c2000 r--p 00012000 00:258d 4611686019135192571      /nix/store/gpxl5qgg8kicmcvivwmybwjlpf7wh20l-graalvm17-ce-22.3.0/lib/libnio.so
7f96c54c2000-7f96c54c3000 rw-p 00013000 00:258d 4611686019135192571      /nix/store/gpxl5qgg8kicmcvivwmybwjlpf7wh20l-graalvm17-ce-22.3.0/lib/libnio.so
7f96c54c3000-7f96c54c8000 rw-p 00019000 00:258d 4611686019135192571      /nix/store/gpxl5qgg8kicmcvivwmybwjlpf7wh20l-graalvm17-ce-22.3.0/lib/libnio.so
7f96c54c8000-7f96c6da0000 rw-p 00000000 00:00 0 
7f96c6da0000-7f96c6da1000 ---p 00000000 00:00 0 
7f96c6da1000-7f96c6f4c000 rw-p 00000000 00:00 0 
7f96c6f4c000-7f96c6f92000 rw-p 00000000 00:00 0 
7f96c6f92000-7f96c6fa2000 ---p 00000000 00:00 0 
7f96c6fa2000-7f96c6fa8000 rw-p 00000000 00:00 0 
7f96c6fa8000-7f96c708e000 ---p 00000000 00:00 0 
7f96c708e000-7f96c70ac000 rw-p 00000000 00:00 0 
7f96c70ac000-7f96c7179000 ---p 00000000 00:00 0 
7f96c7179000-7f96c717e000 rw-p 00000000 00:00 0 
7f96c717e000-7f96c7185000 ---p 00000000 00:00 0 
7f96c7185000-7f96c71a9000 r-xp 00000000 00:258d 4611686019135190028      /nix/store/gpxl5qgg8kicmcvivwmybwjlpf7wh20l-graalvm17-ce-22.3.0/lib/libjava.so
7f96c71a9000-7f96c71aa000 ---p 00024000 00:258d 4611686019135190028      /nix/store/gpxl5qgg8kicmcvivwmybwjlpf7wh20l-graalvm17-ce-22.3.0/lib/libjava.so
7f96c71aa000-7f96c71ab000 r--p 00024000 00:258d 4611686019135190028      /nix/store/gpxl5qgg8kicmcvivwmybwjlpf7wh20l-graalvm17-ce-22.3.0/lib/libjava.so
7f96c71ab000-7f96c71ac000 rw-p 00025000 00:258d 4611686019135190028      /nix/store/gpxl5qgg8kicmcvivwmybwjlpf7wh20l-graalvm17-ce-22.3.0/lib/libjava.so
7f96c71ac000-7f96c71ad000 rw-p 00000000 00:00 0 
7f96c71ad000-7f96c71b4000 rw-p 0002f000 00:258d 4611686019135190028      /nix/store/gpxl5qgg8kicmcvivwmybwjlpf7wh20l-graalvm17-ce-22.3.0/lib/libjava.so
7f96c71b4000-7f96c71bc000 rw-s 00000000 00:11c6 387                      /tmp/hsperfdata_runner/53
7f96c71bc000-7f96c71bd000 ---p 00000000 00:00 0 
7f96c71bd000-7f96c71be000 r--p 00000000 00:00 0 
7f96c71be000-7f96c71bf000 rwxp 00000000 00:00 0 
7f96c71bf000-7f96c71da000 r-xp 00000000 00:258d 4611686019135190032      /nix/store/gpxl5qgg8kicmcvivwmybwjlpf7wh20l-graalvm17-ce-22.3.0/lib/libjimage.so
7f96c71da000-7f96c71db000 ---p 0001b000 00:258d 4611686019135190032      /nix/store/gpxl5qgg8kicmcvivwmybwjlpf7wh20l-graalvm17-ce-22.3.0/lib/libjimage.so
7f96c71db000-7f96c71dd000 r--p 0001b000 00:258d 4611686019135190032      /nix/store/gpxl5qgg8kicmcvivwmybwjlpf7wh20l-graalvm17-ce-22.3.0/lib/libjimage.so
7f96c71dd000-7f96c71de000 rw-p 0001d000 00:258d 4611686019135190032      /nix/store/gpxl5qgg8kicmcvivwmybwjlpf7wh20l-graalvm17-ce-22.3.0/lib/libjimage.so
7f96c71de000-7f96c71df000 rw-p 00024000 00:258d 4611686019135190032      /nix/store/gpxl5qgg8kicmcvivwmybwjlpf7wh20l-graalvm17-ce-22.3.0/lib/libjimage.so
7f96c71df000-7f96c71e3000 ---p 00000000 00:00 0 
7f96c71e3000-7f96c72df000 rw-p 00000000 00:00 0 
7f96c72df000-7f96c72ed000 r--p 00000000 00:258d 4611686019027979927      /nix/store/4nlgxhb09sdr51nc9hdm8az5b08vzkgx-glibc-2.35-163/lib/libm.so.6
7f96c72ed000-7f96c7360000 r-xp 0000e000 00:258d 4611686019027979927      /nix/store/4nlgxhb09sdr51nc9hdm8az5b08vzkgx-glibc-2.35-163/lib/libm.so.6
7f96c7360000-7f96c73bd000 r--p 00081000 00:258d 4611686019027979927      /nix/store/4nlgxhb09sdr51nc9hdm8az5b08vzkgx-glibc-2.35-163/lib/libm.so.6
7f96c73bd000-7f96c73be000 r--p 000dd000 00:258d 4611686019027979927      /nix/store/4nlgxhb09sdr51nc9hdm8az5b08vzkgx-glibc-2.35-163/lib/libm.so.6
7f96c73be000-7f96c73bf000 rw-p 000de000 00:258d 4611686019027979927      /nix/store/4nlgxhb09sdr51nc9hdm8az5b08vzkgx-glibc-2.35-163/lib/libm.so.6
7f96c73bf000-7f96c73c0000 r--p 00000000 00:258d 4611686019027979946      /nix/store/4nlgxhb09sdr51nc9hdm8az5b08vzkgx-glibc-2.35-163/lib/librt.so.1
7f96c73c0000-7f96c73c1000 r-xp 00001000 00:258d 4611686019027979946      /nix/store/4nlgxhb09sdr51nc9hdm8az5b08vzkgx-glibc-2.35-163/lib/librt.so.1
7f96c73c1000-7f96c73c2000 r--p 00002000 00:258d 4611686019027979946      /nix/store/4nlgxhb09sdr51nc9hdm8az5b08vzkgx-glibc-2.35-163/lib/librt.so.1
7f96c73c2000-7f96c73c3000 r--p 00002000 00:258d 4611686019027979946      /nix/store/4nlgxhb09sdr51nc9hdm8az5b08vzkgx-glibc-2.35-163/lib/librt.so.1
7f96c73c3000-7f96c73c4000 rw-p 00003000 00:258d 4611686019027979946      /nix/store/4nlgxhb09sdr51nc9hdm8az5b08vzkgx-glibc-2.35-163/lib/librt.so.1
7f96c73c4000-7f96c84d7000 r-xp 00000000 00:258d 4611686019135360866      /nix/store/gpxl5qgg8kicmcvivwmybwjlpf7wh20l-graalvm17-ce-22.3.0/lib/server/libjvm.so
7f96c84d7000-7f96c84d8000 ---p 01113000 00:258d 4611686019135360866      /nix/store/gpxl5qgg8kicmcvivwmybwjlpf7wh20l-graalvm17-ce-22.3.0/lib/server/libjvm.so
7f96c84d8000-7f96c858d000 r--p 01113000 00:258d 4611686019135360866      /nix/store/gpxl5qgg8kicmcvivwmybwjlpf7wh20l-graalvm17-ce-22.3.0/lib/server/libjvm.so
7f96c858d000-7f96c85c1000 rw-p 011c8000 00:258d 4611686019135360866      /nix/store/gpxl5qgg8kicmcvivwmybwjlpf7wh20l-graalvm17-ce-22.3.0/lib/server/libjvm.so
7f96c85c1000-7f96c861d000 rw-p 00000000 00:00 0 
7f96c861d000-7f96c8645000 r--p 00000000 00:258d 4611686019027979918      /nix/store/4nlgxhb09sdr51nc9hdm8az5b08vzkgx-glibc-2.35-163/lib/libc.so.6
7f96c8645000-7f96c87bb000 r-xp 00028000 00:258d 4611686019027979918      /nix/store/4nlgxhb09sdr51nc9hdm8az5b08vzkgx-glibc-2.35-163/lib/libc.so.6
7f96c87bb000-7f96c8813000 r--p 0019e000 00:258d 4611686019027979918      /nix/store/4nlgxhb09sdr51nc9hdm8az5b08vzkgx-glibc-2.35-163/lib/libc.so.6
7f96c8813000-7f96c8817000 r--p 001f6000 00:258d 4611686019027979918      /nix/store/4nlgxhb09sdr51nc9hdm8az5b08vzkgx-glibc-2.35-163/lib/libc.so.6
7f96c8817000-7f96c8819000 rw-p 001fa000 00:258d 4611686019027979918      /nix/store/4nlgxhb09sdr51nc9hdm8az5b08vzkgx-glibc-2.35-163/lib/libc.so.6
7f96c8819000-7f96c8828000 rw-p 00000000 00:00 0 
7f96c8828000-7f96c8829000 r--p 00000000 00:258d 4611686019027979923      /nix/store/4nlgxhb09sdr51nc9hdm8az5b08vzkgx-glibc-2.35-163/lib/libdl.so.2
7f96c8829000-7f96c882a000 r-xp 00001000 00:258d 4611686019027979923      /nix/store/4nlgxhb09sdr51nc9hdm8az5b08vzkgx-glibc-2.35-163/lib/libdl.so.2
7f96c882a000-7f96c882b000 r--p 00002000 00:258d 4611686019027979923      /nix/store/4nlgxhb09sdr51nc9hdm8az5b08vzkgx-glibc-2.35-163/lib/libdl.so.2
7f96c882b000-7f96c882c000 r--p 00002000 00:258d 4611686019027979923      /nix/store/4nlgxhb09sdr51nc9hdm8az5b08vzkgx-glibc-2.35-163/lib/libdl.so.2
7f96c882c000-7f96c882d000 rw-p 00003000 00:258d 4611686019027979923      /nix/store/4nlgxhb09sdr51nc9hdm8az5b08vzkgx-glibc-2.35-163/lib/libdl.so.2
7f96c882d000-7f96c882e000 r--p 00000000 00:258d 4611686019027979942      /nix/store/4nlgxhb09sdr51nc9hdm8az5b08vzkgx-glibc-2.35-163/lib/libpthread.so.0
7f96c882e000-7f96c882f000 r-xp 00001000 00:258d 4611686019027979942      /nix/store/4nlgxhb09sdr51nc9hdm8az5b08vzkgx-glibc-2.35-163/lib/libpthread.so.0
7f96c882f000-7f96c8830000 r--p 00002000 00:258d 4611686019027979942      /nix/store/4nlgxhb09sdr51nc9hdm8az5b08vzkgx-glibc-2.35-163/lib/libpthread.so.0
7f96c8830000-7f96c8831000 r--p 00002000 00:258d 4611686019027979942      /nix/store/4nlgxhb09sdr51nc9hdm8az5b08vzkgx-glibc-2.35-163/lib/libpthread.so.0
7f96c8831000-7f96c8832000 rw-p 00003000 00:258d 4611686019027979942      /nix/store/4nlgxhb09sdr51nc9hdm8az5b08vzkgx-glibc-2.35-163/lib/libpthread.so.0
7f96c8832000-7f96c8840000 r-xp 00000000 00:258d 4611686019135190033      /nix/store/gpxl5qgg8kicmcvivwmybwjlpf7wh20l-graalvm17-ce-22.3.0/lib/libjli.so
7f96c8840000-7f96c8841000 ---p 0000e000 00:258d 4611686019135190033      /nix/store/gpxl5qgg8kicmcvivwmybwjlpf7wh20l-graalvm17-ce-22.3.0/lib/libjli.so
7f96c8841000-7f96c8842000 r--p 0000e000 00:258d 4611686019135190033      /nix/store/gpxl5qgg8kicmcvivwmybwjlpf7wh20l-graalvm17-ce-22.3.0/lib/libjli.so
7f96c8842000-7f96c8843000 rw-p 0000f000 00:258d 4611686019135190033      /nix/store/gpxl5qgg8kicmcvivwmybwjlpf7wh20l-graalvm17-ce-22.3.0/lib/libjli.so
7f96c8843000-7f96c8844000 rw-p 00012000 00:258d 4611686019135190033      /nix/store/gpxl5qgg8kicmcvivwmybwjlpf7wh20l-graalvm17-ce-22.3.0/lib/libjli.so
7f96c8844000-7f96c8847000 r--p 00000000 00:258d 4611686019106210071      /nix/store/026hln0aq1hyshaxsdvhg0kmcm6yf45r-zlib-1.2.13/lib/libz.so.1.2.13
7f96c8847000-7f96c8859000 r-xp 00003000 00:258d 4611686019106210071      /nix/store/026hln0aq1hyshaxsdvhg0kmcm6yf45r-zlib-1.2.13/lib/libz.so.1.2.13
7f96c8859000-7f96c8860000 r--p 00015000 00:258d 4611686019106210071      /nix/store/026hln0aq1hyshaxsdvhg0kmcm6yf45r-zlib-1.2.13/lib/libz.so.1.2.13
7f96c8860000-7f96c8861000 r--p 0001b000 00:258d 4611686019106210071      /nix/store/026hln0aq1hyshaxsdvhg0kmcm6yf45r-zlib-1.2.13/lib/libz.so.1.2.13
7f96c8861000-7f96c8862000 rw-p 0001c000 00:258d 4611686019106210071      /nix/store/026hln0aq1hyshaxsdvhg0kmcm6yf45r-zlib-1.2.13/lib/libz.so.1.2.13
7f96c8862000-7f96c8864000 rw-p 00000000 00:00 0 
7f96c8864000-7f96c8866000 r--p 00000000 00:258d 4611686019027979912      /nix/store/4nlgxhb09sdr51nc9hdm8az5b08vzkgx-glibc-2.35-163/lib/ld-linux-x86-64.so.2
7f96c8866000-7f96c888d000 r-xp 00002000 00:258d 4611686019027979912      /nix/store/4nlgxhb09sdr51nc9hdm8az5b08vzkgx-glibc-2.35-163/lib/ld-linux-x86-64.so.2
7f96c888d000-7f96c8899000 r--p 00029000 00:258d 4611686019027979912      /nix/store/4nlgxhb09sdr51nc9hdm8az5b08vzkgx-glibc-2.35-163/lib/ld-linux-x86-64.so.2
7f96c8899000-7f96c889b000 r--p 00034000 00:258d 4611686019027979912      /nix/store/4nlgxhb09sdr51nc9hdm8az5b08vzkgx-glibc-2.35-163/lib/ld-linux-x86-64.so.2
7f96c889b000-7f96c889d000 rw-p 00036000 00:258d 4611686019027979912      /nix/store/4nlgxhb09sdr51nc9hdm8az5b08vzkgx-glibc-2.35-163/lib/ld-linux-x86-64.so.2
7ffc54f66000-7ffc54f8b000 rw-p 00000000 00:00 0                          [stack]
7ffc54fc8000-7ffc54fcc000 r--p 00000000 00:00 0                          [vvar]
7ffc54fcc000-7ffc54fce000 r-xp 00000000 00:00 0                          [vdso]
ffffffffff600000-ffffffffff601000 --xp 00000000 00:00 0                  [vsyscall]


VM Arguments:
jvm_args: -XX:ThreadPriorityPolicy=1 -XX:+UnlockExperimentalVMOptions -XX:+EnableJVMCIProduct -XX:JVMCIThreadsPerNativeLibraryRuntime=1 -XX:-UnlockExperimentalVMOptions -Declipse.application=org.eclipse.jdt.ls.core.id1 -Dosgi.bundles.defaultStartLevel=4 -Declipse.product=org.eclipse.jdt.ls.core.product -Dlog.level=ALL -Xverify:none -XX:+UseParallelGC -XX:GCTimeRatio=4 -XX:AdaptiveSizePolicyWeight=90 -Dsun.zip.disableMemoryMapping=true -Xmx512m -Xms100m 
java_command: /nix/store/m6gcpi1ii6rghy04cjwjddcavv7i90df-jdt-language-server-1.9.0/share/java/plugins/org.eclipse.equinox.launcher_1.6.400.v20210924-0641.jar --add-modules=ALL-SYSTEM --add-opens java.base/java.util=ALL-UNNAMED --add-opens java.base/java.lang=ALL-UNNAMED -configuration /home/runner/.cache/jdt-language-server/config -data /home/runner/.cache/jdt-language-server/data/home/runner/java4
java_class_path (initial): /nix/store/m6gcpi1ii6rghy04cjwjddcavv7i90df-jdt-language-server-1.9.0/share/java/plugins/org.eclipse.equinox.launcher_1.6.400.v20210924-0641.jar
Launcher Type: SUN_STANDARD

[Global flags]
    uintx AdaptiveSizePolicyWeight                 = 90                                        {product} {command line}
     intx CICompilerCount                          = 2                                         {product} {ergonomic}
     bool EnableJVMCIProduct                       = true                                {JVMCI product} {jimage}
    uintx GCTimeRatio                              = 4                                         {product} {command line}
   size_t InitialHeapSize                          = 104857600                                 {product} {command line}
     uint JVMCIThreadsPerNativeLibraryRuntime      = 1                                   {JVMCI product} {jimage}
   size_t MaxHeapSize                              = 536870912                                 {product} {command line}
   size_t MaxNewSize                               = 178782208                                 {product} {ergonomic}
   size_t MinHeapDeltaBytes                        = 524288                                    {product} {ergonomic}
   size_t MinHeapSize                              = 104857600                                 {product} {command line}
   size_t NewSize                                  = 34603008                                  {product} {ergonomic}
    uintx NonNMethodCodeHeapSize                   = 5826188                                {pd product} {ergonomic}
    uintx NonProfiledCodeHeapSize                  = 122916026                              {pd product} {ergonomic}
   size_t OldSize                                  = 70254592                                  {product} {ergonomic}
    uintx ProfiledCodeHeapSize                     = 122916026                              {pd product} {ergonomic}
    uintx ReservedCodeCacheSize                    = 251658240                              {pd product} {ergonomic}
     bool SegmentedCodeCache                       = true                                      {product} {ergonomic}
   size_t SoftMaxHeapSize                          = 536870912                              {manageable} {ergonomic}
     intx ThreadPriorityPolicy                     = 1                                         {product} {jimage}
     bool UseCompressedClassPointers               = true                           {product lp64_product} {ergonomic}
     bool UseCompressedOops                        = true                           {product lp64_product} {ergonomic}
     bool UseParallelGC                            = true                                      {product} {command line}

Logging:
Log output configuration:
 #0: stdout all=warning uptime,level,tags
 #1: stderr all=off uptime,level,tags

Environment Variables:
JAVA_HOME=/nix/store/gpxl5qgg8kicmcvivwmybwjlpf7wh20l-graalvm17-ce-22.3.0
PATH=/nix/store/1d6ian3r8kdzspw8hacjhl3xkp40g1lj-binutils-wrapper-2.39/bin:/nix/store/dq0xwmsk1g0i2ayg6pb7y87na2knzylh-gcc-wrapper-11.3.0/bin:/nix/store/bap4d0lpcrhpwmpb8ayjcgkmvfj62lnq-bash-interactive-5.1-p16/bin:/nix/store/pr5n59mb4jzmfx6kanwxly0l07p861fg-patchelf-0.15.0/bin:/nix/store/1gf2flfqnpqbr1b4p4qz2f72y42bs56r-gcc-11.3.0/bin:/nix/store/57xv61c5zi8pphjbcwxxjlgc34p61ic9-glibc-2.35-163-bin/bin:/nix/store/a7gvj343m05j2s32xcnwr35v31ynlypr-coreutils-9.1/bin:/nix/store/039g378vc3pc3dvi9dzdlrd0i4q93qwf-binutils-2.39/bin:/nix/store/gpxl5qgg8kicmcvivwmybwjlpf7wh20l-graalvm17-ce-22.3.0/bin:/nix/store/6z9ag3ihc8mq2hzsw48lhbznvzny65nz-apache-maven-3.8.6/bin:/nix/store/m6gcpi1ii6rghy04cjwjddcavv7i90df-jdt-language-server-1.9.0/bin:/nix/store/84xs5alhs01zrbr4ywm05kxbjbp5590l-java-debug/bin:/nix/store/mydc6f4k2z73xlcz7ilif3v2lcaiqvza-findutils-4.9.0/bin:/nix/store/j9p3g8472iijd50vhdprx0nmk2fqn5gv-diffutils-3.8/bin:/nix/store/89zs7rms6x00xfq4dq6m7mjnhkr8a6r4-gnused-4.8/bin:/nix/store/86bp03jkmsl6f92w0yzg4s59g5mhxwmy-gnugrep-3.7/bin:/nix/store/hwcdqw4jrjnd37wxqgsd47hd0j8bnj09-gawk-5.1.1/bin:/nix/store/cfbhw8r8ags41vwqaz47r583d0p4h4a1-gnutar-1.34/bin:/nix/store/p3m1ndl1lapwrlh698bnb5lvvxh67378-gzip-1.12/bin:/nix/store/a8mhcagrsly7c7mpjrpsnaahk4aax056-bzip2-1.0.8-bin/bin:/nix/store/mblgz65m3zv9x548a3d5m96fj2pbwr09-gnumake-4.3/bin:/nix/store/dsd5gz46hdbdk2rfdimqddhq6m8m8fqs-bash-5.1-p16/bin:/nix/store/v7ljksji50mg3w61dykaa3n3y79n6nil-patch-2.7.6/bin:/nix/store/zlcnmqq14jz5x9439jf937mvayyl63da-xz-5.2.7-bin/bin:/nix/store/y6aj732zm9m87c82fpvf103a1xb22blp-file-5.43/bin:/nix/store/i4kzir3m7mrisxmf5xvlnkw01x4qaqr4-prybar-elisp-0.0.0-e0d9a52/bin:/nix/store/lwwivxf6h7x3cvxp9zv8sj0mv7dak99r-prybar-lua-0.0.0-e0d9a52/bin:/nix/store/gxj28g1cg4hq3qanmjv07156h800qr58-prybar-python3-0.0.0-e0d9a52/bin:/nix/store/hshkjnxrgidigf8x75vg6lqng2xlx9i3-prybar-sqlite-0.0.0-e0d9a52/bin:/nix/store/c4w01bpjgyy5ixmwdk8m1pw87zq4sl26-prybar-tcl-0.0.0-e0d9a52/bin:/nix/store/hpbvrlwd5viqmvcaisb3x0118i913a9n-st
LD_LIBRARY_PATH=/nix/store/a4pff549sk2idnkpzk5nsfps3mdkdnvm-cups-2.4.2-lib/lib:/nix/store/72mqxxhh3cy5yifh92wh2yb8cl2hikyy-cairo-1.16.0/lib:/nix/store/2k366jrbsra97gjfxwvrhvixjfxdach5-glib-2.74.1/lib:/nix/store/2j2znigd8ak37rlwh9khz0ry3clqlw1l-gtk+3-3.24.34/lib:/nix/store/hisqvx32cd57apbpcsnkpx6k3549wql1-libglvnd-1.4.0/lib:/nix/store/p36pgcv991mq5srvg765b78yqpxvk3qs-mesa-21.3.3-drivers/lib:/nix/store/mav4251if1ahjq5vkpwycyyvnmy459c4-pulseaudio-14.2/lib
DISPLAY=:0
LANG=en_US.UTF-8

Signal Handlers:
   SIGSEGV: crash_handler in libjvm.so, mask=11100100010111111101111111111110, flags=SA_RESTART|SA_SIGINFO
    SIGBUS: crash_handler in libjvm.so, mask=11100100010111111101111111111110, flags=SA_RESTART|SA_SIGINFO
    SIGFPE: crash_handler in libjvm.so, mask=11100100010111111101111111111110, flags=SA_RESTART|SA_SIGINFO
   SIGPIPE: IsolateEnterStub_IgnoreSIGPIPEStartupHook_noopSignalHandler_8f19bff2f35b5f630d83b364d6b2339320d4ec70_216e8361c6bc87a8f89f58cc10d3b2fd4415bf87 in libjvmcicompiler.so, mask=00000000000000000000000000000000, flags=SA_RESTART
  *** Handler was modified!
  *** Expected: javaSignalHandler in libjvm.so, mask=11100100110111111111111111111110, flags=SA_RESTART|SA_SIGINFO
   SIGXFSZ: javaSignalHandler in libjvm.so, mask=11100100010111111101111111111110, flags=SA_RESTART|SA_SIGINFO
    SIGILL: crash_handler in libjvm.so, mask=11100100010111111101111111111110, flags=SA_RESTART|SA_SIGINFO
   SIGUSR2: SR_handler in libjvm.so, mask=00000000000000000000000000000000, flags=SA_RESTART|SA_SIGINFO
    SIGHUP: UserHandler in libjvm.so, mask=11100100010111111101111111111110, flags=SA_RESTART|SA_SIGINFO
    SIGINT: UserHandler in libjvm.so, mask=11100100010111111101111111111110, flags=SA_RESTART|SA_SIGINFO
   SIGTERM: UserHandler in libjvm.so, mask=11100100010111111101111111111110, flags=SA_RESTART|SA_SIGINFO
   SIGQUIT: UserHandler in libjvm.so, mask=11100100010111111101111111111110, flags=SA_RESTART|SA_SIGINFO
  *** Handler was modified!
  *** Expected: javaSignalHandler in libjvm.so, mask=11100100110111111111111111111110, flags=SA_RESTART|SA_SIGINFO
   SIGTRAP: crash_handler in libjvm.so, mask=11100100010111111101111111111110, flags=SA_RESTART|SA_SIGINFO


---------------  S Y S T E M  ---------------

OS:
DISTRIB_ID=Ubuntu
DISTRIB_RELEASE=20.04
DISTRIB_CODENAME=focal
DISTRIB_DESCRIPTION="Ubuntu 20.04.2 LTS"
uname: Linux 5.19.0-1022-gcp #24~22.04.1-Ubuntu SMP Sun Apr 23 09:51:08 UTC 2023 x86_64
OS uptime: 0 days 8:43 hours
libc: glibc 2.35 NPTL 2.35 
rlimit (soft/hard): STACK 8192k/infinity , CORE infinity/infinity , NPROC infinity/infinity , NOFILE 5242/5242 , AS infinity/infinity , CPU infinity/infinity , DATA infinity/infinity , FSIZE infinity/infinity , MEMLOCK 8192k/8192k
load average: 11.34 13.16 14.67

/proc/meminfo:
MemTotal:       65852256 kB
MemFree:         6586300 kB
MemAvailable:   38488300 kB
Buffers:         3209644 kB
Cached:         27181620 kB
SwapCached:            0 kB
Active:         11450648 kB
Inactive:       43373280 kB
Active(anon):      20328 kB
Inactive(anon): 24218404 kB
Active(file):   11430320 kB
Inactive(file): 19154876 kB
Unevictable:       55852 kB
Mlocked:           55852 kB
SwapTotal:             0 kB
SwapFree:              0 kB
Zswap:                 0 kB
Zswapped:              0 kB
Dirty:             25480 kB
Writeback:             0 kB
AnonPages:      23549008 kB
Mapped:          2239688 kB
Shmem:             83564 kB
KReclaimable:    2043404 kB
Slab:            3228160 kB
SReclaimable:    2043404 kB
SUnreclaim:      1184756 kB
KernelStack:      470852 kB
PageTables:       249284 kB
NFS_Unstable:          0 kB
Bounce:                0 kB
WritebackTmp:          0 kB
CommitLimit:    32926128 kB
Committed_AS:   83058504 kB
VmallocTotal:   34359738367 kB
VmallocUsed:      514092 kB
VmallocChunk:          0 kB
Percpu:            58528 kB
HardwareCorrupted:     0 kB
AnonHugePages:   4304896 kB
ShmemHugePages:        0 kB
ShmemPmdMapped:        0 kB
FileHugePages:         0 kB
FilePmdMapped:         0 kB
HugePages_Total:       0
HugePages_Free:        0
HugePages_Rsvd:        0
HugePages_Surp:        0
Hugepagesize:       2048 kB
Hugetlb:               0 kB
DirectMap4k:     6427448 kB
DirectMap2M:    56483840 kB
DirectMap1G:     6291456 kB

/sys/kernel/mm/transparent_hugepage/enabled: always [madvise] never
/sys/kernel/mm/transparent_hugepage/defrag (defrag/compaction efforts parameter): always defer defer+madvise [madvise] never

Process Memory:
Virtual Size: 4588636K (peak: 4625216K)
Resident Set Size: 791760K (peak: 825184K) (anon: 598632K, file: 193128K, shmem: 0K)
Swapped out: 0K
C-Heap outstanding allocations: 40569K, retained: 13338K
glibc malloc tunables: (default)

/proc/sys/kernel/threads-max (system-wide limit on the number of threads): 514406
/proc/sys/vm/max_map_count (maximum number of memory map areas a process may have): 65530
/proc/sys/kernel/pid_max (system-wide limit on number of process identifiers): 4194304

container (cgroup) information:
container_type: cgroupv1
cpu_cpuset_cpus: 2-7
cpu_memory_nodes: 0
active_processor_count: 1
cpu_quota: 50000
cpu_period: 100000
cpu_shares: 512
memory_limit_in_bytes: 1048576 k
memory_and_swap_limit_in_bytes: 1048576 k
memory_soft_limit_in_bytes: 524288 k
memory_usage_in_bytes: 1027584 k
memory_max_usage_in_bytes: 1048580 k
maximum number of tasks: 1000
current number of tasks: 48

KVM virtualization detected
Steal ticks since vm start: 0
Steal ticks percentage since vm start:  0.000

CPU: total 8 (initial active 1) (8 cores per cpu, 2 threads per core) family 23 model 49 stepping 0 microcode 0xffffffff, cx8, cmov, fxsr, ht, mmx, 3dnowpref, sse, sse2, sse3, ssse3, sse4a, sse4.1, sse4.2, popcnt, lzcnt, tsc, tscinvbit, avx, avx2, aes, clmul, bmi1, bmi2, adx, sha, fma, vzeroupper, clflush, clflushopt, hv
CPU Model and flags from /proc/cpuinfo:
model name	: AMD EPYC 7B12
flags		: fpu vme de pse tsc msr pae mce cx8 apic sep mtrr pge mca cmov pat pse36 clflush mmx fxsr sse sse2 ht syscall nx mmxext fxsr_opt pdpe1gb rdtscp lm constant_tsc rep_good nopl nonstop_tsc cpuid extd_apicid tsc_known_freq pni pclmulqdq ssse3 fma cx16 sse4_1 sse4_2 movbe popcnt aes xsave avx f16c rdrand hypervisor lahf_lm cmp_legacy cr8_legacy abm sse4a misalignsse 3dnowprefetch osvw topoext ssbd ibrs ibpb stibp vmmcall fsgsbase tsc_adjust bmi1 avx2 smep bmi2 rdseed adx smap clflushopt clwb sha_ni xsaveopt xsavec xgetbv1 clzero xsaveerptr arat npt nrip_save umip rdpid

Online cpus: 0-7
Offline cpus: 
BIOS frequency limitation: <Not Available>
Frequency switch latency (ns): <Not Available>
Available cpu frequencies: <Not Available>
Current governor: <Not Available>
Core performance/turbo boost: <Not Available>

Memory: 4k page, physical 1048576k(20980k free), swap 0k(0k free)
Page Sizes: 4k

vm_info: OpenJDK 64-Bit Server VM (17.0.5+8-jvmci-22.3-b08) for linux-amd64 JRE (17.0.5+8-jvmci-22.3-b08), built on Oct 19 2022 09:01:27 by "buildslave" with gcc 10.3.0

END.
